
       ╔════════════════════════════════════════════╗
       ║            ___ ___ ___ ___ _____           ║
       ║           / __| _ \ __/ __|_   _|          ║
       ║          | (__|   / _|\__ \ | |            ║
       ║           \___|_|_\___|___/ |_|            ║
       ║                                            ║
       ║  Conformer-Rotamer Ensemble Sampling Tool  ║
       ║          based on the xTB methods          ║
       ║                                            ║
       ╚════════════════════════════════════════════╝
       Version 3.0.2, Sun, 25 August 20:02:44, 08/25/2024
       commit (af7eb99) compiled by 'usr@fv-az732-492'

   Cite work conducted with this code as

   • P.Pracht, F.Bohle, S.Grimme, PCCP, 2020, 22, 7169-7192.
   • S.Grimme, JCTC, 2019, 15, 2847-2862.
   • P.Pracht, S.Grimme, C.Bannwarth, F.Bohle, S.Ehlert,
     G.Feldmann, J.Gorges, M.Müller, T.Neudecker, C.Plett,
     S.Spicher, P.Steinbach, P.Wesołowski, F.Zeller,
     J. Chem. Phys., 2024, 160, 114110.

   for works involving QCG cite

   • S.Spicher, C.Plett, P.Pracht, A.Hansen, S.Grimme,
     JCTC, 2022, 18 (5), 3174-3189.
   • C.Plett, S. Grimme,
     Angew. Chem. Int. Ed. 2023, 62, e202214477.

   for works involving MECP screening cite

   • P.Pracht, C.Bannwarth, JCTC, 2022, 18 (10), 6370-6385.

   Original code
     P.Pracht, S.Grimme, Universität Bonn, MCTC
   with help from (alphabetical order):
     C.Bannwarth, F.Bohle, S.Ehlert, G.Feldmann, J.Gorges,
     S.Grimme, C.Plett, P.Pracht, S.Spicher, P.Steinbach,
     P.Wesolowski, F.Zeller

   Online documentation is available at
   https://crest-lab.github.io/crest-docs/

   This program is distributed in the hope that it will be useful,
   but WITHOUT ANY WARRANTY; without even the implied warranty of
   MERCHANTABILITY or FITNESS FOR A PARTICULAR PURPOSE. See the
   GNU Lesser General Public License (LGPL) for more details.

 Command line input:
 $ crest --screen pool_gfnff.xyz --gfn2 --alpb water -ewin 10 --T 40

  --gfn2               : Use of GFN2-xTB requested.
  --alpb water : implicit solvation
  -ewin 10
  --T 40 (CPUs/Threads selected)

> Setting up backup calculator ... done.
 ----------------
 Calculation info
 ----------------
> User-defined calculation level:
 : xTB calculation via tblite lib
 : GFN2-xTB level
 :   Molecular charge    : 0
 :   Solvation model     : alpb
 :   Solvent             : water
 :   Fermi temperature   : 300.00000
 :   Accuracy            : 1.00000
 :   max SCC cycles      : 500


 -----------------------------
 Initial Geometry Optimization
 -----------------------------
 Geometry successfully optimized.


          ┍━━━━━━━━━━━━━━━━━━━━━━━━━━━━━━━━━━━━━━━━━━━━━━━━┑
          │               ENSEMBLE SCREENING               │
          ┕━━━━━━━━━━━━━━━━━━━━━━━━━━━━━━━━━━━━━━━━━━━━━━━━┙

 Multilevel optimization and structure screening.

 Input file: <pool_gfnff.xyz>
 Containing 505 structures.

 ======================================
 |  Multilevel Ensemble Optimization  |
 ======================================
 Optimizing all 505 structures from file "pool_gfnff.xyz" ...
 ----------------------
 crude pre-optimization
 ----------------------
 Optimization engine: ANCOPT
 Hessian update type: BFGS
 E/G convergence criteria:  0.500E-03 Eh, 0.100E-01 Eh/a0
 maximum optimization steps: 200
 |>0.2% |>10.1% |>20.0% |>30.1% |>40.0% |>50.1% |>60.0% |>70.1% |>80.0% |>90.1% |>100.0%
 done.
> 505 of 505 structures successfully optimized (100.0% success)
> Total runtime for 505 optimizations:
 * wall-time:     0 d,  0 h,  6 min, 54.564 sec
 *  cpu-time:     0 d,  3 h, 26 min, 53.119 sec
 * ratio c/w:    29.943 speedup
> Corresponding to approximately 0.821 sec per processed structure

CREGEN> running RMSDs ... done.
CREGEN> E lowest :  -234.57942
 490 structures remain within    20.00 kcal/mol window
 ------------------------------------
 optimization with regular thresholds
 ------------------------------------
 Optimization engine: ANCOPT
 Hessian update type: BFGS
 E/G convergence criteria:  0.500E-05 Eh, 0.100E-02 Eh/a0
 maximum optimization steps: 200
 |>0.2% |>10.0% |>20.0% |>30.0% |>40.0% |>50.0% |>60.0% |>70.2% |>80.0% |>90.2% |>100.0%
 done.
> 488 of 490 structures successfully optimized (99.6% success)
> Total runtime for 490 optimizations:
 * wall-time:     0 d,  0 h, 22 min, 27.235 sec
 *  cpu-time:     0 d, 10 h, 22 min, 56.612 sec
 * ratio c/w:    27.743 speedup
> Corresponding to approximately 2.749 sec per processed structure

CREGEN> running RMSDs ... done.
CREGEN> E lowest :  -234.58518
 400 structures remain within    10.00 kcal/mol window
 ---------------------------------------
 optimization with very tight thresholds
 ---------------------------------------
 Optimization engine: ANCOPT
 Hessian update type: BFGS
 E/G convergence criteria:  0.100E-06 Eh, 0.200E-03 Eh/a0
 maximum optimization steps: 200
 |>0.2% |>10.0% |>20.0% |>30.0% |>40.0% |>50.0% |>60.0% |>70.2% |>80.0% |>90.2% |>100.0%
 done.
> 358 of 400 structures successfully optimized (89.5% success)
> Total runtime for 400 optimizations:
 * wall-time:     0 d,  0 h, 21 min, 28.672 sec
 *  cpu-time:     0 d, 10 h, 11 min, 21.933 sec
 * ratio c/w:    28.465 speedup
> Corresponding to approximately 3.222 sec per processed structure

CREGEN> running RMSDs ... done.
CREGEN> E lowest :  -234.58514
 326 structures remain within    10.00 kcal/mol window
 input  file name : crest_rotamers_2.xyz
 output file name : crest_rotamers_3.xyz
 number of atoms                :   140
 number of points on xyz files  :   358
 RMSD threshold                 :   0.1250
 Bconst threshold               :   0.0100
 population threshold           :   0.0500
 # fragment in coord            :     1
 # bonds in reference structure :   145
 number of reliable points      :   358
 sorting energy window (EWIN)   :   10.0000 / kcal*mol⁻¹
 reference state Etot           :  -234.58514117999999
 number of doubles removed by rot/RMSD         :          32
 total number unique points considered further :         326
       Erel/kcal        Etot weight/tot  conformer     set   degen     origin
       1   0.000  -234.58514    0.67536    0.67536       1       1
       2   1.422  -234.58287    0.06134    0.06134       2       1
       3   1.732  -234.58238    0.03641    0.03641       3       1
       4   2.218  -234.58161    0.01603    0.01603       4       1
       5   2.276  -234.58151    0.01455    0.01455       5       1
       6   2.279  -234.58151    0.01446    0.01446       6       1
       7   2.337  -234.58142    0.01312    0.01312       7       1
       8   2.347  -234.58140    0.01291    0.01291       8       1
       9   2.348  -234.58140    0.01289    0.01289       9       1
      10   2.354  -234.58139    0.01276    0.01276      10       1
      11   2.426  -234.58128    0.01130    0.01130      11       1
      12   2.513  -234.58114    0.00975    0.00975      12       1
      13   2.568  -234.58105    0.00888    0.00888      13       1
      14   2.588  -234.58102    0.00859    0.00859      14       1
      15   2.589  -234.58102    0.00858    0.00858      15       1
      16   2.689  -234.58086    0.00725    0.00725      16       1
      17   2.692  -234.58085    0.00721    0.00721      17       1
      18   3.068  -234.58025    0.00382    0.00382      18       1
      19   3.108  -234.58019    0.00358    0.00358      19       1
      20   3.209  -234.58003    0.00302    0.00302      20       1
      21   3.216  -234.58002    0.00298    0.00298      21       1
      22   3.275  -234.57992    0.00270    0.00270      22       1
      23   3.277  -234.57992    0.00269    0.00269      23       1
      24   3.299  -234.57988    0.00259    0.00259      24       1
      25   3.378  -234.57976    0.00227    0.00227      25       1
      26   3.398  -234.57973    0.00219    0.00219      26       1
      27   3.433  -234.57967    0.00207    0.00207      27       1
      28   3.444  -234.57965    0.00203    0.00203      28       1
      29   3.475  -234.57960    0.00193    0.00193      29       1
      30   3.476  -234.57960    0.00192    0.00192      30       1
      31   3.493  -234.57957    0.00187    0.00187      31       1
      32   3.565  -234.57946    0.00165    0.00165      32       1
      33   3.602  -234.57940    0.00156    0.00308      33       2
      34   3.614  -234.57938    0.00152
      35   3.699  -234.57925    0.00132    0.00132      34       1
      36   3.748  -234.57917    0.00122    0.00122      35       1
      37   3.774  -234.57913    0.00116    0.00116      36       1
      38   3.847  -234.57901    0.00103    0.00103      37       1
      39   3.866  -234.57898    0.00100    0.00100      38       1
      40   3.878  -234.57896    0.00098    0.00098      39       1
      41   3.900  -234.57893    0.00094    0.00094      40       1
      42   3.959  -234.57883    0.00085    0.00085      41       1
      43   4.006  -234.57876    0.00079    0.00079      42       1
      44   4.034  -234.57871    0.00075    0.00075      43       1
      45   4.035  -234.57871    0.00075    0.00075      44       1
      46   4.064  -234.57866    0.00071    0.00071      45       1
      47   4.069  -234.57866    0.00071    0.00071      46       1
      48   4.092  -234.57862    0.00068    0.00068      47       1
      49   4.100  -234.57861    0.00067    0.00067      48       1
      50   4.204  -234.57844    0.00056    0.00056      49       1
      51   4.208  -234.57844    0.00056    0.00056      50       1
      52   4.218  -234.57842    0.00055    0.00055      51       1
      53   4.242  -234.57838    0.00053    0.00053      52       1
      54   4.271  -234.57833    0.00050    0.00050      53       1
      55   4.288  -234.57831    0.00049    0.00049      54       1
      56   4.392  -234.57814    0.00041    0.00041      55       1
      57   4.427  -234.57809    0.00039    0.00039      56       1
      58   4.433  -234.57808    0.00038    0.00038      57       1
      59   4.476  -234.57801    0.00036    0.00036      58       1
      60   4.502  -234.57797    0.00034    0.00034      59       1
      61   4.558  -234.57788    0.00031    0.00061      60       2
      62   4.570  -234.57786    0.00030
      63   4.582  -234.57784    0.00030    0.00030      61       1
      64   4.559  -234.57788    0.00031    0.00031      62       1
      65   4.590  -234.57783    0.00029    0.00029      63       1
      66   4.630  -234.57776    0.00027    0.00055      64       2
      67   4.630  -234.57776    0.00027
      68   4.809  -234.57748    0.00020    0.00020      65       1
      69   4.816  -234.57747    0.00020    0.00020      66       1
      70   4.865  -234.57739    0.00018    0.00018      67       1
      71   4.874  -234.57737    0.00018    0.00018      68       1
      72   4.893  -234.57734    0.00018    0.00035      69       2
      73   4.896  -234.57734    0.00018
      74   4.896  -234.57734    0.00018    0.00018      70       1
      75   4.898  -234.57734    0.00017    0.00017      71       1
      76   4.900  -234.57733    0.00017    0.00017      72       1
      77   4.950  -234.57725    0.00016    0.00016      73       1
      78   4.958  -234.57724    0.00016    0.00047      74       3
      79   4.958  -234.57724    0.00016
      80   4.959  -234.57724    0.00016
      81   5.006  -234.57716    0.00015    0.00015      75       1
      82   5.008  -234.57716    0.00015    0.00015      76       1
      83   5.032  -234.57712    0.00014    0.00014      77       1
      84   5.035  -234.57712    0.00014    0.00014      78       1
      85   5.048  -234.57710    0.00014    0.00014      79       1
      86   5.049  -234.57709    0.00014    0.00014      80       1
      87   5.050  -234.57709    0.00014    0.00014      81       1
      88   5.083  -234.57704    0.00013    0.00013      82       1
      89   5.095  -234.57702    0.00013    0.00013      83       1
      90   5.128  -234.57697    0.00012    0.00012      84       1
      91   5.152  -234.57693    0.00011    0.00011      85       1
      92   5.152  -234.57693    0.00011    0.00011      86       1
      93   5.159  -234.57692    0.00011    0.00011      87       1
      94   5.194  -234.57686    0.00011    0.00011      88       1
      95   5.212  -234.57684    0.00010    0.00010      89       1
      96   5.235  -234.57680    0.00010    0.00010      90       1
      97   5.249  -234.57678    0.00010    0.00010      91       1
      98   5.287  -234.57672    0.00009    0.00009      92       1
      99   5.295  -234.57670    0.00009    0.00009      93       1
     100   5.340  -234.57663    0.00008    0.00008      94       1
     101   5.350  -234.57662    0.00008    0.00008      95       1
     102   5.366  -234.57659    0.00008    0.00008      96       1
     103   5.378  -234.57657    0.00008    0.00008      97       1
     104   5.379  -234.57657    0.00008    0.00008      98       1
     105   5.408  -234.57652    0.00007    0.00007      99       1
     106   5.469  -234.57643    0.00007    0.00007     100       1
     107   5.489  -234.57639    0.00006    0.00026     101       4
     108   5.489  -234.57639    0.00006
     109   5.499  -234.57638    0.00006
     110   5.490  -234.57639    0.00006
     111   5.505  -234.57637    0.00006    0.00006     102       1
     112   5.507  -234.57636    0.00006    0.00006     103       1
     113   5.491  -234.57639    0.00006    0.00006     104       1
     114   5.519  -234.57635    0.00006    0.00006     105       1
     115   5.570  -234.57627    0.00006    0.00006     106       1
     116   5.599  -234.57622    0.00005    0.00005     107       1
     117   5.604  -234.57621    0.00005    0.00005     108       1
     118   5.611  -234.57620    0.00005    0.00005     109       1
     119   5.656  -234.57613    0.00005    0.00005     110       1
     120   5.657  -234.57613    0.00005    0.00005     111       1
     121   5.668  -234.57611    0.00005    0.00005     112       1
     122   5.669  -234.57611    0.00005    0.00005     113       1
     123   5.681  -234.57609    0.00005    0.00005     114       1
     124   5.728  -234.57601    0.00004    0.00004     115       1
     125   5.729  -234.57601    0.00004    0.00004     116       1
     126   5.744  -234.57599    0.00004    0.00004     117       1
     127   5.752  -234.57598    0.00004    0.00004     118       1
     128   5.757  -234.57597    0.00004    0.00004     119       1
     129   5.832  -234.57585    0.00004    0.00004     120       1
     130   5.834  -234.57584    0.00004    0.00004     121       1
     131   5.855  -234.57581    0.00003    0.00003     122       1
     132   5.886  -234.57576    0.00003    0.00003     123       1
     133   5.897  -234.57574    0.00003    0.00003     124       1
     134   5.906  -234.57573    0.00003    0.00003     125       1
     135   5.915  -234.57572    0.00003    0.00003     126       1
     136   5.915  -234.57572    0.00003    0.00003     127       1
     137   5.922  -234.57570    0.00003    0.00003     128       1
     138   5.932  -234.57569    0.00003    0.00003     129       1
     139   5.967  -234.57563    0.00003    0.00003     130       1
     140   5.988  -234.57560    0.00003    0.00003     131       1
     141   6.018  -234.57555    0.00003    0.00005     132       2
     142   6.034  -234.57553    0.00003
     143   6.035  -234.57552    0.00003    0.00003     133       1
     144   6.039  -234.57552    0.00003    0.00003     134       1
     145   6.053  -234.57550    0.00002    0.00002     135       1
     146   6.064  -234.57548    0.00002    0.00002     136       1
     147   6.084  -234.57545    0.00002    0.00002     137       1
     148   6.088  -234.57544    0.00002    0.00002     138       1
     149   6.127  -234.57538    0.00002    0.00002     139       1
     150   6.144  -234.57535    0.00002    0.00004     140       2
     151   6.144  -234.57535    0.00002
     152   6.171  -234.57531    0.00002    0.00002     141       1
     153   6.183  -234.57529    0.00002    0.00002     142       1
     154   6.202  -234.57526    0.00002    0.00002     143       1
     155   6.257  -234.57517    0.00002    0.00002     144       1
     156   6.277  -234.57514    0.00002    0.00003     145       2
     157   6.279  -234.57514    0.00002
     158   6.283  -234.57513    0.00002    0.00002     146       1
     159   6.318  -234.57507    0.00002    0.00002     147       1
     160   6.354  -234.57502    0.00002    0.00002     148       1
     161   6.375  -234.57498    0.00001    0.00001     149       1
     162   6.401  -234.57494    0.00001    0.00001     150       1
     163   6.402  -234.57494    0.00001    0.00001     151       1
     164   6.432  -234.57489    0.00001    0.00001     152       1
     165   6.466  -234.57484    0.00001    0.00001     153       1
     166   6.469  -234.57483    0.00001    0.00001     154       1
     167   6.507  -234.57477    0.00001    0.00001     155       1
     168   6.570  -234.57467    0.00001    0.00001     156       1
     169   6.575  -234.57466    0.00001    0.00001     157       1
     170   6.581  -234.57465    0.00001    0.00001     158       1
     171   6.617  -234.57460    0.00001    0.00001     159       1
     172   6.632  -234.57457    0.00001    0.00001     160       1
     173   6.642  -234.57456    0.00001    0.00001     161       1
     174   6.644  -234.57455    0.00001    0.00001     162       1
     175   6.673  -234.57451    0.00001    0.00001     163       1
     176   6.708  -234.57445    0.00001    0.00001     164       1
     177   6.714  -234.57444    0.00001    0.00001     165       1
     178   6.717  -234.57444    0.00001    0.00001     166       1
     179   6.721  -234.57443    0.00001    0.00001     167       1
     180   6.722  -234.57443    0.00001    0.00001     168       1
     181   6.801  -234.57430    0.00001    0.00001     169       1
     182   6.825  -234.57426    0.00001    0.00001     170       1
     183   6.826  -234.57426    0.00001    0.00001     171       1
     184   6.828  -234.57426    0.00001    0.00001     172       1
     185   6.844  -234.57424    0.00001    0.00001     173       1
     186   6.861  -234.57421    0.00001    0.00001     174       1
     187   6.869  -234.57419    0.00001    0.00001     175       1
     188   6.900  -234.57414    0.00001    0.00001     176       1
     189   6.910  -234.57413    0.00001    0.00001     177       1
     190   6.949  -234.57407    0.00001    0.00001     178       1
     191   6.951  -234.57406    0.00001    0.00001     179       1
     192   6.960  -234.57405    0.00001    0.00001     180       1
     193   6.976  -234.57402    0.00001    0.00001     181       1
     194   6.983  -234.57401    0.00001    0.00001     182       1
     195   6.984  -234.57401    0.00001    0.00001     183       1
     196   6.986  -234.57401    0.00001    0.00001     184       1
     197   7.000  -234.57399    0.00001    0.00001     185       1
     198   7.037  -234.57393    0.00000    0.00000     186       1
     199   7.037  -234.57393    0.00000    0.00000     187       1
     200   7.136  -234.57377    0.00000    0.00000     188       1
     201   7.182  -234.57370    0.00000    0.00000     189       1
     202   7.189  -234.57368    0.00000    0.00000     190       1
     203   7.191  -234.57368    0.00000    0.00000     191       1
     204   7.192  -234.57368    0.00000    0.00000     192       1
     205   7.210  -234.57365    0.00000    0.00000     193       1
     206   7.239  -234.57361    0.00000    0.00000     194       1
     207   7.239  -234.57360    0.00000    0.00000     195       1
     208   7.250  -234.57359    0.00000    0.00000     196       1
     209   7.276  -234.57355    0.00000    0.00000     197       1
     210   7.279  -234.57354    0.00000    0.00000     198       1
     211   7.281  -234.57354    0.00000    0.00000     199       1
     212   7.291  -234.57352    0.00000    0.00000     200       1
     213   7.292  -234.57352    0.00000    0.00000     201       1
     214   7.293  -234.57352    0.00000    0.00000     202       1
     215   7.299  -234.57351    0.00000    0.00000     203       1
     216   7.308  -234.57349    0.00000    0.00000     204       1
     217   7.310  -234.57349    0.00000    0.00000     205       1
     218   7.321  -234.57347    0.00000    0.00000     206       1
     219   7.359  -234.57341    0.00000    0.00000     207       1
     220   7.370  -234.57340    0.00000    0.00000     208       1
     221   7.379  -234.57338    0.00000    0.00000     209       1
     222   7.387  -234.57337    0.00000    0.00000     210       1
     223   7.414  -234.57333    0.00000    0.00000     211       1
     224   7.425  -234.57331    0.00000    0.00000     212       1
     225   7.457  -234.57326    0.00000    0.00000     213       1
     226   7.484  -234.57321    0.00000    0.00000     214       1
     227   7.515  -234.57317    0.00000    0.00000     215       1
     228   7.523  -234.57315    0.00000    0.00000     216       1
     229   7.524  -234.57315    0.00000    0.00000     217       1
     230   7.535  -234.57313    0.00000    0.00000     218       1
     231   7.548  -234.57311    0.00000    0.00000     219       1
     232   7.552  -234.57311    0.00000    0.00000     220       1
     233   7.553  -234.57310    0.00000    0.00000     221       1
     234   7.676  -234.57291    0.00000    0.00000     222       1
     235   7.684  -234.57290    0.00000    0.00000     223       1
     236   7.686  -234.57289    0.00000    0.00000     224       1
     237   7.693  -234.57288    0.00000    0.00000     225       1
     238   7.698  -234.57287    0.00000    0.00000     226       1
     239   7.729  -234.57282    0.00000    0.00000     227       1
     240   7.742  -234.57280    0.00000    0.00000     228       1
     241   7.795  -234.57272    0.00000    0.00000     229       1
     242   7.865  -234.57261    0.00000    0.00000     230       1
     243   7.869  -234.57260    0.00000    0.00000     231       1
     244   7.896  -234.57256    0.00000    0.00000     232       1
     245   7.938  -234.57249    0.00000    0.00000     233       1
     246   7.950  -234.57247    0.00000    0.00000     234       1
     247   7.961  -234.57246    0.00000    0.00000     235       1
     248   7.999  -234.57239    0.00000    0.00000     236       1
     249   8.010  -234.57238    0.00000    0.00000     237       1
     250   8.016  -234.57237    0.00000    0.00000     238       2
     251   8.035  -234.57234    0.00000
     252   8.025  -234.57235    0.00000    0.00000     239       1
     253   8.105  -234.57222    0.00000    0.00000     240       1
     254   8.167  -234.57213    0.00000    0.00000     241       1
     255   8.174  -234.57212    0.00000    0.00000     242       1
     256   8.220  -234.57204    0.00000    0.00000     243       1
     257   8.224  -234.57203    0.00000    0.00000     244       1
     258   8.240  -234.57201    0.00000    0.00000     245       1
     259   8.280  -234.57195    0.00000    0.00000     246       1
     260   8.291  -234.57193    0.00000    0.00000     247       1
     261   8.302  -234.57191    0.00000    0.00000     248       1
     262   8.305  -234.57191    0.00000    0.00000     249       1
     263   8.345  -234.57184    0.00000    0.00000     250       1
     264   8.358  -234.57182    0.00000    0.00000     251       1
     265   8.376  -234.57179    0.00000    0.00000     252       1
     266   8.381  -234.57178    0.00000    0.00000     253       1
     267   8.389  -234.57177    0.00000    0.00000     254       1
     268   8.394  -234.57176    0.00000    0.00000     255       1
     269   8.397  -234.57176    0.00000    0.00000     256       1
     270   8.450  -234.57167    0.00000    0.00000     257       1
     271   8.481  -234.57163    0.00000    0.00000     258       1
     272   8.499  -234.57160    0.00000    0.00000     259       1
     273   8.523  -234.57156    0.00000    0.00000     260       1
     274   8.525  -234.57156    0.00000    0.00000     261       1
     275   8.565  -234.57149    0.00000    0.00000     262       1
     276   8.587  -234.57146    0.00000    0.00000     263       1
     277   8.628  -234.57139    0.00000    0.00000     264       1
     278   8.636  -234.57138    0.00000    0.00000     265       1
     279   8.656  -234.57135    0.00000    0.00000     266       1
     280   8.681  -234.57131    0.00000    0.00000     267       1
     281   8.738  -234.57122    0.00000    0.00000     268       1
     282   8.745  -234.57121    0.00000    0.00000     269       1
     283   8.754  -234.57119    0.00000    0.00000     270       1
     284   8.761  -234.57118    0.00000    0.00000     271       1
     285   8.799  -234.57112    0.00000    0.00000     272       1
     286   8.860  -234.57102    0.00000    0.00000     273       1
     287   8.864  -234.57102    0.00000    0.00000     274       2
     288   8.870  -234.57101    0.00000
     289   8.864  -234.57102    0.00000    0.00000     275       1
     290   8.876  -234.57100    0.00000    0.00000     276       1
     291   8.893  -234.57097    0.00000    0.00000     277       1
     292   8.902  -234.57095    0.00000    0.00000     278       1
     293   8.904  -234.57095    0.00000    0.00000     279       1
     294   8.942  -234.57089    0.00000    0.00000     280       1
     295   8.977  -234.57084    0.00000    0.00000     281       1
     296   9.001  -234.57080    0.00000    0.00000     282       1
     297   9.067  -234.57069    0.00000    0.00000     283       1
     298   9.068  -234.57069    0.00000    0.00000     284       1
     299   9.088  -234.57066    0.00000    0.00000     285       1
     300   9.094  -234.57065    0.00000    0.00000     286       1
     301   9.095  -234.57065    0.00000    0.00000     287       1
     302   9.116  -234.57061    0.00000    0.00000     288       2
     303   9.116  -234.57061    0.00000
     304   9.119  -234.57061    0.00000    0.00000     289       1
     305   9.129  -234.57059    0.00000    0.00000     290       1
     306   9.166  -234.57053    0.00000    0.00000     291       1
     307   9.202  -234.57048    0.00000    0.00000     292       1
     308   9.206  -234.57047    0.00000    0.00000     293       1
     309   9.229  -234.57043    0.00000    0.00000     294       1
     310   9.284  -234.57035    0.00000    0.00000     295       1
     311   9.296  -234.57033    0.00000    0.00000     296       2
     312   9.313  -234.57030    0.00000
     313   9.319  -234.57029    0.00000    0.00000     297       1
     314   9.347  -234.57025    0.00000    0.00000     298       2
     315   9.347  -234.57025    0.00000
     316   9.401  -234.57016    0.00000    0.00000     299       1
     317   9.422  -234.57013    0.00000    0.00000     300       1
     318   9.567  -234.56989    0.00000    0.00000     301       1
     319   9.574  -234.56988    0.00000    0.00000     302       1
     320   9.576  -234.56988    0.00000    0.00000     303       1
     321   9.599  -234.56984    0.00000    0.00000     304       1
     322   9.736  -234.56963    0.00000    0.00000     305       1
     323   9.837  -234.56947    0.00000    0.00000     306       1
     324   9.914  -234.56934    0.00000    0.00000     307       1
     325   9.926  -234.56932    0.00000    0.00000     308       1
     326   9.939  -234.56930    0.00000    0.00000     309       1
T /K                                  :   298.15
E lowest                              :  -234.58514
ensemble average energy (kcal)        :    0.790
ensemble entropy (J/mol K, cal/mol K) :   14.345    3.428
ensemble free energy (kcal/mol)       :   -1.022
population of lowest in %             :   67.536
 number of unique conformers for further calc          309
 list of relative energies saved as "crest.energies"

 Final ensemble on file <crest_ensemble.xyz>

 -----------------
 Wall Time Summary
 -----------------
 CREST runtime (total)               0 d,  0 h, 52 min,  8.377 sec
 ------------------------------------------------------------------
 Ensemble screening         ...       51 min, 18.810 sec ( 98.416%)
 I/O and setup              ...        0 min, 49.568 sec (  1.584%)
 ------------------------------------------------------------------
 * wall-time:     0 d,  0 h, 52 min,  8.377 sec
 *  cpu-time:     1 d,  0 h, 35 min, 50.319 sec
 * ratio c/w:    28.306 speedup
 ------------------------------------------------------------------
 * Total number of energy+grad calls: 80949

 CREST terminated normally.
