--- GNINA linkage before cuDNN setup ---
/home/share/zhangz/Apps/gnina-1.3.2/gnina: /lib64/libm.so.6: version `GLIBC_2.27' not found (required by /home/share/zhangz/Apps/gnina-1.3.2/gnina)
/home/share/zhangz/Apps/gnina-1.3.2/gnina: /lib64/libm.so.6: version `GLIBC_2.23' not found (required by /home/share/zhangz/Apps/gnina-1.3.2/gnina)
/home/share/zhangz/Apps/gnina-1.3.2/gnina: /lib64/libm.so.6: version `GLIBC_2.29' not found (required by /home/share/zhangz/Apps/gnina-1.3.2/gnina)
/home/share/zhangz/Apps/gnina-1.3.2/gnina: /lib64/libstdc++.so.6: version `CXXABI_1.3.8' not found (required by /home/share/zhangz/Apps/gnina-1.3.2/gnina)
/home/share/zhangz/Apps/gnina-1.3.2/gnina: /lib64/libstdc++.so.6: version `GLIBCXX_3.4.20' not found (required by /home/share/zhangz/Apps/gnina-1.3.2/gnina)
/home/share/zhangz/Apps/gnina-1.3.2/gnina: /lib64/libstdc++.so.6: version `GLIBCXX_3.4.26' not found (required by /home/share/zhangz/Apps/gnina-1.3.2/gnina)
/home/share/zhangz/Apps/gnina-1.3.2/gnina: /lib64/libstdc++.so.6: version `CXXABI_1.3.9' not found (required by /home/share/zhangz/Apps/gnina-1.3.2/gnina)
/home/share/zhangz/Apps/gnina-1.3.2/gnina: /lib64/libstdc++.so.6: version `GLIBCXX_3.4.22' not found (required by /home/share/zhangz/Apps/gnina-1.3.2/gnina)
/home/share/zhangz/Apps/gnina-1.3.2/gnina: /lib64/libstdc++.so.6: version `CXXABI_1.3.11' not found (required by /home/share/zhangz/Apps/gnina-1.3.2/gnina)
/home/share/zhangz/Apps/gnina-1.3.2/gnina: /lib64/libstdc++.so.6: version `GLIBCXX_3.4.21' not found (required by /home/share/zhangz/Apps/gnina-1.3.2/gnina)
/home/share/zhangz/Apps/gnina-1.3.2/gnina: /lib64/libc.so.6: version `GLIBC_2.28' not found (required by /home/share/zhangz/Apps/gnina-1.3.2/gnina)
	linux-vdso.so.1 =>  (0x00007fff23dfe000)
	libcudnn.so.9 => not found
	libcudart.so.12 => not found
	libcusparse.so.12 => not found
	libcufft.so.11 => not found
	libnvToolsExt.so.1 => not found
	libcublas.so.12 => not found
	libcublasLt.so.12 => not found
	libcusolver.so.11 => not found
	libdl.so.2 => /lib64/libdl.so.2 (0x000015261803b000)
	librt.so.1 => /lib64/librt.so.1 (0x0000152617e33000)
	libstdc++.so.6 => /lib64/libstdc++.so.6 (0x0000152617b2b000)
	libm.so.6 => /lib64/libm.so.6 (0x0000152617829000)
	libgcc_s.so.1 => /lib64/libgcc_s.so.1 (0x0000152617613000)
	libpthread.so.0 => /lib64/libpthread.so.0 (0x00001526173f7000)
	libc.so.6 => /lib64/libc.so.6 (0x0000152617029000)
	/lib64/ld-linux-x86-64.so.2 (0x00001526666c4000)
/home/share/zhangz/Apps/gnina-1.3.2/gnina: /lib64/libm.so.6: version `GLIBC_2.27' not found (required by /home/share/zhangz/Apps/gnina-1.3.2/gnina)
/home/share/zhangz/Apps/gnina-1.3.2/gnina: /lib64/libm.so.6: version `GLIBC_2.23' not found (required by /home/share/zhangz/Apps/gnina-1.3.2/gnina)
/home/share/zhangz/Apps/gnina-1.3.2/gnina: /lib64/libm.so.6: version `GLIBC_2.29' not found (required by /home/share/zhangz/Apps/gnina-1.3.2/gnina)
/home/share/zhangz/Apps/gnina-1.3.2/gnina: /lib64/libstdc++.so.6: version `CXXABI_1.3.8' not found (required by /home/share/zhangz/Apps/gnina-1.3.2/gnina)
/home/share/zhangz/Apps/gnina-1.3.2/gnina: /lib64/libstdc++.so.6: version `GLIBCXX_3.4.20' not found (required by /home/share/zhangz/Apps/gnina-1.3.2/gnina)
/home/share/zhangz/Apps/gnina-1.3.2/gnina: /lib64/libstdc++.so.6: version `GLIBCXX_3.4.26' not found (required by /home/share/zhangz/Apps/gnina-1.3.2/gnina)
/home/share/zhangz/Apps/gnina-1.3.2/gnina: /lib64/libstdc++.so.6: version `CXXABI_1.3.9' not found (required by /home/share/zhangz/Apps/gnina-1.3.2/gnina)
/home/share/zhangz/Apps/gnina-1.3.2/gnina: /lib64/libstdc++.so.6: version `GLIBCXX_3.4.22' not found (required by /home/share/zhangz/Apps/gnina-1.3.2/gnina)
/home/share/zhangz/Apps/gnina-1.3.2/gnina: /lib64/libstdc++.so.6: version `CXXABI_1.3.11' not found (required by /home/share/zhangz/Apps/gnina-1.3.2/gnina)
/home/share/zhangz/Apps/gnina-1.3.2/gnina: /lib64/libstdc++.so.6: version `GLIBCXX_3.4.21' not found (required by /home/share/zhangz/Apps/gnina-1.3.2/gnina)
/home/share/zhangz/Apps/gnina-1.3.2/gnina: /lib64/libc.so.6: version `GLIBC_2.28' not found (required by /home/share/zhangz/Apps/gnina-1.3.2/gnina)
/home/share/zhangz/Apps/gnina-1.3.2/gnina: /lib64/libm.so.6: version `GLIBC_2.27' not found (required by /home/share/zhangz/Apps/gnina-1.3.2/gnina)
/home/share/zhangz/Apps/gnina-1.3.2/gnina: /lib64/libm.so.6: version `GLIBC_2.23' not found (required by /home/share/zhangz/Apps/gnina-1.3.2/gnina)
/home/share/zhangz/Apps/gnina-1.3.2/gnina: /lib64/libm.so.6: version `GLIBC_2.29' not found (required by /home/share/zhangz/Apps/gnina-1.3.2/gnina)
/home/share/zhangz/Apps/gnina-1.3.2/gnina: /lib64/libstdc++.so.6: version `CXXABI_1.3.8' not found (required by /home/share/zhangz/Apps/gnina-1.3.2/gnina)
/home/share/zhangz/Apps/gnina-1.3.2/gnina: /lib64/libstdc++.so.6: version `GLIBCXX_3.4.20' not found (required by /home/share/zhangz/Apps/gnina-1.3.2/gnina)
/home/share/zhangz/Apps/gnina-1.3.2/gnina: /lib64/libstdc++.so.6: version `GLIBCXX_3.4.26' not found (required by /home/share/zhangz/Apps/gnina-1.3.2/gnina)
/home/share/zhangz/Apps/gnina-1.3.2/gnina: /lib64/libstdc++.so.6: version `CXXABI_1.3.9' not found (required by /home/share/zhangz/Apps/gnina-1.3.2/gnina)
/home/share/zhangz/Apps/gnina-1.3.2/gnina: /lib64/libstdc++.so.6: version `GLIBCXX_3.4.22' not found (required by /home/share/zhangz/Apps/gnina-1.3.2/gnina)
/home/share/zhangz/Apps/gnina-1.3.2/gnina: /lib64/libstdc++.so.6: version `CXXABI_1.3.11' not found (required by /home/share/zhangz/Apps/gnina-1.3.2/gnina)
/home/share/zhangz/Apps/gnina-1.3.2/gnina: /lib64/libstdc++.so.6: version `GLIBCXX_3.4.21' not found (required by /home/share/zhangz/Apps/gnina-1.3.2/gnina)
/home/share/zhangz/Apps/gnina-1.3.2/gnina: /lib64/libc.so.6: version `GLIBC_2.28' not found (required by /home/share/zhangz/Apps/gnina-1.3.2/gnina)
Installing nvidia-cudnn-cu12 under /home/share/zhangz/Apps/gnina-1.3.2/deps
Collecting nvidia-cudnn-cu12
  Downloading nvidia_cudnn_cu12-9.5.0.50-py3-none-manylinux2014_x86_64.whl (562.9 MB)
slurmstepd: error: *** JOB 524829 ON cpu16 CANCELLED AT 2026-07-13T21:43:11 ***
