START=2026-07-13T21:45:26+0800
HOST=gpu1
CPUS=10
[warn] nvidia-smi is not in PATH; GNINA --device 0 remains the functional GPU check
gnina v1.1 master:e4cb380+   Built Dec 18 2023.
### 1/15 Mode A minimize+rescore: 9WZU_apo__boltz_sample_0_predicted_structure
==============================
*** Open Babel Warning  in Init
  Cannot initialize database 'space-groups.txt' which may cause further errors.
              _             
             (_)            
   __ _ _ __  _ _ __   __ _ 
  / _` | '_ \| | '_ \ / _` |
 | (_| | | | | | | | | (_| |
  \__, |_| |_|_|_| |_|\__,_|
   __/ |                    
  |___/                     

gnina v1.1 master:e4cb380+   Built Dec 18 2023.
gnina is based on smina and AutoDock Vina.
Please cite appropriately.

WARNING: No GPU detected. CNN scoring will be slow.
Recommend running with single model (--cnn crossdock_default2018)
or without cnn scoring (--cnn_scoring=none).

Commandline: /home/share/zhangz/Apps/gnina-1.1/gnina -r /home/share/zhangz/Jobs/mode_A_boltz_gnina_20260713/receptors/9WZU_apo_H.pdb -l /home/share/zhangz/Jobs/mode_A_boltz_gnina_20260713/cofold_poses/9WZU_apo__boltz_sample_0_predicted_structure.sdf --device 0 --minimize --cnn_scoring rescore -o /home/share/zhangz/Jobs/mode_A_boltz_gnina_20260713/out_gnina/9WZU_apo__boltz_sample_0_predicted_structure_min.sdf
Affinity: -7.22347  -3.26216 (kcal/mol)
RMSD: 2.50450
CNNscore: 0.55640 
CNNaffinity: 6.65339
CNNvariance: 0.30174
### 2/15 Mode A minimize+rescore: 9WZU_apo__boltz_sample_1_predicted_structure
==============================
*** Open Babel Warning  in Init
  Cannot initialize database 'space-groups.txt' which may cause further errors.
              _             
             (_)            
   __ _ _ __  _ _ __   __ _ 
  / _` | '_ \| | '_ \ / _` |
 | (_| | | | | | | | | (_| |
  \__, |_| |_|_|_| |_|\__,_|
   __/ |                    
  |___/                     

gnina v1.1 master:e4cb380+   Built Dec 18 2023.
gnina is based on smina and AutoDock Vina.
Please cite appropriately.

WARNING: No GPU detected. CNN scoring will be slow.
Recommend running with single model (--cnn crossdock_default2018)
or without cnn scoring (--cnn_scoring=none).

Commandline: /home/share/zhangz/Apps/gnina-1.1/gnina -r /home/share/zhangz/Jobs/mode_A_boltz_gnina_20260713/receptors/9WZU_apo_H.pdb -l /home/share/zhangz/Jobs/mode_A_boltz_gnina_20260713/cofold_poses/9WZU_apo__boltz_sample_1_predicted_structure.sdf --device 0 --minimize --cnn_scoring rescore -o /home/share/zhangz/Jobs/mode_A_boltz_gnina_20260713/out_gnina/9WZU_apo__boltz_sample_1_predicted_structure_min.sdf
Affinity: -6.39351  -4.35377 (kcal/mol)
RMSD: 1.87728
CNNscore: 0.20195 
CNNaffinity: 6.27111
CNNvariance: 0.15426
### 3/15 Mode A minimize+rescore: 9WZU_apo__boltz_sample_2_predicted_structure
==============================
*** Open Babel Warning  in Init
  Cannot initialize database 'space-groups.txt' which may cause further errors.
              _             
             (_)            
   __ _ _ __  _ _ __   __ _ 
  / _` | '_ \| | '_ \ / _` |
 | (_| | | | | | | | | (_| |
  \__, |_| |_|_|_| |_|\__,_|
   __/ |                    
  |___/                     

gnina v1.1 master:e4cb380+   Built Dec 18 2023.
gnina is based on smina and AutoDock Vina.
Please cite appropriately.

WARNING: No GPU detected. CNN scoring will be slow.
Recommend running with single model (--cnn crossdock_default2018)
or without cnn scoring (--cnn_scoring=none).

Commandline: /home/share/zhangz/Apps/gnina-1.1/gnina -r /home/share/zhangz/Jobs/mode_A_boltz_gnina_20260713/receptors/9WZU_apo_H.pdb -l /home/share/zhangz/Jobs/mode_A_boltz_gnina_20260713/cofold_poses/9WZU_apo__boltz_sample_2_predicted_structure.sdf --device 0 --minimize --cnn_scoring rescore -o /home/share/zhangz/Jobs/mode_A_boltz_gnina_20260713/out_gnina/9WZU_apo__boltz_sample_2_predicted_structure_min.sdf
Affinity: -5.28254  -5.40453 (kcal/mol)
RMSD: 6.02427
CNNscore: 0.25608 
CNNaffinity: 6.00738
CNNvariance: 0.18306
### 4/15 Mode A minimize+rescore: 9WZU_apo__boltz_sample_3_predicted_structure
==============================
*** Open Babel Warning  in Init
  Cannot initialize database 'space-groups.txt' which may cause further errors.
              _             
             (_)            
   __ _ _ __  _ _ __   __ _ 
  / _` | '_ \| | '_ \ / _` |
 | (_| | | | | | | | | (_| |
  \__, |_| |_|_|_| |_|\__,_|
   __/ |                    
  |___/                     

gnina v1.1 master:e4cb380+   Built Dec 18 2023.
gnina is based on smina and AutoDock Vina.
Please cite appropriately.

WARNING: No GPU detected. CNN scoring will be slow.
Recommend running with single model (--cnn crossdock_default2018)
or without cnn scoring (--cnn_scoring=none).

Commandline: /home/share/zhangz/Apps/gnina-1.1/gnina -r /home/share/zhangz/Jobs/mode_A_boltz_gnina_20260713/receptors/9WZU_apo_H.pdb -l /home/share/zhangz/Jobs/mode_A_boltz_gnina_20260713/cofold_poses/9WZU_apo__boltz_sample_3_predicted_structure.sdf --device 0 --minimize --cnn_scoring rescore -o /home/share/zhangz/Jobs/mode_A_boltz_gnina_20260713/out_gnina/9WZU_apo__boltz_sample_3_predicted_structure_min.sdf
Affinity: -6.68902  -4.18089 (kcal/mol)
RMSD: 3.14961
CNNscore: 0.24503 
CNNaffinity: 6.40357
CNNvariance: 0.05346
### 5/15 Mode A minimize+rescore: 9WZU_apo__boltz_sample_4_predicted_structure
==============================
*** Open Babel Warning  in Init
  Cannot initialize database 'space-groups.txt' which may cause further errors.
              _             
             (_)            
   __ _ _ __  _ _ __   __ _ 
  / _` | '_ \| | '_ \ / _` |
 | (_| | | | | | | | | (_| |
  \__, |_| |_|_|_| |_|\__,_|
   __/ |                    
  |___/                     

gnina v1.1 master:e4cb380+   Built Dec 18 2023.
gnina is based on smina and AutoDock Vina.
Please cite appropriately.

WARNING: No GPU detected. CNN scoring will be slow.
Recommend running with single model (--cnn crossdock_default2018)
or without cnn scoring (--cnn_scoring=none).

Commandline: /home/share/zhangz/Apps/gnina-1.1/gnina -r /home/share/zhangz/Jobs/mode_A_boltz_gnina_20260713/receptors/9WZU_apo_H.pdb -l /home/share/zhangz/Jobs/mode_A_boltz_gnina_20260713/cofold_poses/9WZU_apo__boltz_sample_4_predicted_structure.sdf --device 0 --minimize --cnn_scoring rescore -o /home/share/zhangz/Jobs/mode_A_boltz_gnina_20260713/out_gnina/9WZU_apo__boltz_sample_4_predicted_structure_min.sdf
Affinity: -2.59960  -3.44870 (kcal/mol)
RMSD: 2.41864
CNNscore: 0.23391 
CNNaffinity: 5.94657
CNNvariance: 0.38089
### 6/15 Mode A minimize+rescore: apo_8WL6__boltz_sample_0_predicted_structure
==============================
*** Open Babel Warning  in Init
  Cannot initialize database 'space-groups.txt' which may cause further errors.
              _             
             (_)            
   __ _ _ __  _ _ __   __ _ 
  / _` | '_ \| | '_ \ / _` |
 | (_| | | | | | | | | (_| |
  \__, |_| |_|_|_| |_|\__,_|
   __/ |                    
  |___/                     

gnina v1.1 master:e4cb380+   Built Dec 18 2023.
gnina is based on smina and AutoDock Vina.
Please cite appropriately.

WARNING: No GPU detected. CNN scoring will be slow.
Recommend running with single model (--cnn crossdock_default2018)
or without cnn scoring (--cnn_scoring=none).

Commandline: /home/share/zhangz/Apps/gnina-1.1/gnina -r /home/share/zhangz/Jobs/mode_A_boltz_gnina_20260713/receptors/apo_8WL6_H.pdb -l /home/share/zhangz/Jobs/mode_A_boltz_gnina_20260713/cofold_poses/apo_8WL6__boltz_sample_0_predicted_structure.sdf --device 0 --minimize --cnn_scoring rescore -o /home/share/zhangz/Jobs/mode_A_boltz_gnina_20260713/out_gnina/apo_8WL6__boltz_sample_0_predicted_structure_min.sdf
Affinity: -4.99971  -4.89882 (kcal/mol)
RMSD: 3.42172
CNNscore: 0.36294 
CNNaffinity: 6.11693
CNNvariance: 0.20549
### 7/15 Mode A minimize+rescore: apo_8WL6__boltz_sample_1_predicted_structure
==============================
*** Open Babel Warning  in Init
  Cannot initialize database 'space-groups.txt' which may cause further errors.
              _             
             (_)            
   __ _ _ __  _ _ __   __ _ 
  / _` | '_ \| | '_ \ / _` |
 | (_| | | | | | | | | (_| |
  \__, |_| |_|_|_| |_|\__,_|
   __/ |                    
  |___/                     

gnina v1.1 master:e4cb380+   Built Dec 18 2023.
gnina is based on smina and AutoDock Vina.
Please cite appropriately.

WARNING: No GPU detected. CNN scoring will be slow.
Recommend running with single model (--cnn crossdock_default2018)
or without cnn scoring (--cnn_scoring=none).

Commandline: /home/share/zhangz/Apps/gnina-1.1/gnina -r /home/share/zhangz/Jobs/mode_A_boltz_gnina_20260713/receptors/apo_8WL6_H.pdb -l /home/share/zhangz/Jobs/mode_A_boltz_gnina_20260713/cofold_poses/apo_8WL6__boltz_sample_1_predicted_structure.sdf --device 0 --minimize --cnn_scoring rescore -o /home/share/zhangz/Jobs/mode_A_boltz_gnina_20260713/out_gnina/apo_8WL6__boltz_sample_1_predicted_structure_min.sdf
Affinity: -3.64033  -4.01768 (kcal/mol)
RMSD: 2.85700
CNNscore: 0.21686 
CNNaffinity: 6.14421
CNNvariance: 0.29359
### 8/15 Mode A minimize+rescore: apo_8WL6__boltz_sample_2_predicted_structure
==============================
*** Open Babel Warning  in Init
  Cannot initialize database 'space-groups.txt' which may cause further errors.
              _             
             (_)            
   __ _ _ __  _ _ __   __ _ 
  / _` | '_ \| | '_ \ / _` |
 | (_| | | | | | | | | (_| |
  \__, |_| |_|_|_| |_|\__,_|
   __/ |                    
  |___/                     

gnina v1.1 master:e4cb380+   Built Dec 18 2023.
gnina is based on smina and AutoDock Vina.
Please cite appropriately.

WARNING: No GPU detected. CNN scoring will be slow.
Recommend running with single model (--cnn crossdock_default2018)
or without cnn scoring (--cnn_scoring=none).

Commandline: /home/share/zhangz/Apps/gnina-1.1/gnina -r /home/share/zhangz/Jobs/mode_A_boltz_gnina_20260713/receptors/apo_8WL6_H.pdb -l /home/share/zhangz/Jobs/mode_A_boltz_gnina_20260713/cofold_poses/apo_8WL6__boltz_sample_2_predicted_structure.sdf --device 0 --minimize --cnn_scoring rescore -o /home/share/zhangz/Jobs/mode_A_boltz_gnina_20260713/out_gnina/apo_8WL6__boltz_sample_2_predicted_structure_min.sdf
Affinity: -5.71859  -3.63467 (kcal/mol)
RMSD: 5.64317
CNNscore: 0.37564 
CNNaffinity: 6.07583
CNNvariance: 0.18415
### 9/15 Mode A minimize+rescore: apo_8WL6__boltz_sample_3_predicted_structure
==============================
*** Open Babel Warning  in Init
  Cannot initialize database 'space-groups.txt' which may cause further errors.
              _             
             (_)            
   __ _ _ __  _ _ __   __ _ 
  / _` | '_ \| | '_ \ / _` |
 | (_| | | | | | | | | (_| |
  \__, |_| |_|_|_| |_|\__,_|
   __/ |                    
  |___/                     

gnina v1.1 master:e4cb380+   Built Dec 18 2023.
gnina is based on smina and AutoDock Vina.
Please cite appropriately.

WARNING: No GPU detected. CNN scoring will be slow.
Recommend running with single model (--cnn crossdock_default2018)
or without cnn scoring (--cnn_scoring=none).

Commandline: /home/share/zhangz/Apps/gnina-1.1/gnina -r /home/share/zhangz/Jobs/mode_A_boltz_gnina_20260713/receptors/apo_8WL6_H.pdb -l /home/share/zhangz/Jobs/mode_A_boltz_gnina_20260713/cofold_poses/apo_8WL6__boltz_sample_3_predicted_structure.sdf --device 0 --minimize --cnn_scoring rescore -o /home/share/zhangz/Jobs/mode_A_boltz_gnina_20260713/out_gnina/apo_8WL6__boltz_sample_3_predicted_structure_min.sdf
Affinity: -4.82003  -5.03660 (kcal/mol)
RMSD: 2.91785
CNNscore: 0.14026 
CNNaffinity: 6.18056
CNNvariance: 0.12014
### 10/15 Mode A minimize+rescore: apo_8WL6__boltz_sample_4_predicted_structure
==============================
*** Open Babel Warning  in Init
  Cannot initialize database 'space-groups.txt' which may cause further errors.
              _             
             (_)            
   __ _ _ __  _ _ __   __ _ 
  / _` | '_ \| | '_ \ / _` |
 | (_| | | | | | | | | (_| |
  \__, |_| |_|_|_| |_|\__,_|
   __/ |                    
  |___/                     

gnina v1.1 master:e4cb380+   Built Dec 18 2023.
gnina is based on smina and AutoDock Vina.
Please cite appropriately.

WARNING: No GPU detected. CNN scoring will be slow.
Recommend running with single model (--cnn crossdock_default2018)
or without cnn scoring (--cnn_scoring=none).

Commandline: /home/share/zhangz/Apps/gnina-1.1/gnina -r /home/share/zhangz/Jobs/mode_A_boltz_gnina_20260713/receptors/apo_8WL6_H.pdb -l /home/share/zhangz/Jobs/mode_A_boltz_gnina_20260713/cofold_poses/apo_8WL6__boltz_sample_4_predicted_structure.sdf --device 0 --minimize --cnn_scoring rescore -o /home/share/zhangz/Jobs/mode_A_boltz_gnina_20260713/out_gnina/apo_8WL6__boltz_sample_4_predicted_structure_min.sdf
Affinity: -4.35836  -4.24359 (kcal/mol)
RMSD: 3.26458
CNNscore: 0.37986 
CNNaffinity: 6.08388
CNNvariance: 0.29172
### 11/15 Mode A minimize+rescore: caspo_T2__boltz_sample_0_predicted_structure
==============================
*** Open Babel Warning  in Init
  Cannot initialize database 'space-groups.txt' which may cause further errors.
              _             
             (_)            
   __ _ _ __  _ _ __   __ _ 
  / _` | '_ \| | '_ \ / _` |
 | (_| | | | | | | | | (_| |
  \__, |_| |_|_|_| |_|\__,_|
   __/ |                    
  |___/                     

gnina v1.1 master:e4cb380+   Built Dec 18 2023.
gnina is based on smina and AutoDock Vina.
Please cite appropriately.

WARNING: No GPU detected. CNN scoring will be slow.
Recommend running with single model (--cnn crossdock_default2018)
or without cnn scoring (--cnn_scoring=none).

Commandline: /home/share/zhangz/Apps/gnina-1.1/gnina -r /home/share/zhangz/Jobs/mode_A_boltz_gnina_20260713/receptors/caspo_T2_H.pdb -l /home/share/zhangz/Jobs/mode_A_boltz_gnina_20260713/cofold_poses/caspo_T2__boltz_sample_0_predicted_structure.sdf --device 0 --minimize --cnn_scoring rescore -o /home/share/zhangz/Jobs/mode_A_boltz_gnina_20260713/out_gnina/caspo_T2__boltz_sample_0_predicted_structure_min.sdf
Affinity: -5.59233  -5.05447 (kcal/mol)
RMSD: 3.00479
CNNscore: 0.14511 
CNNaffinity: 5.40363
CNNvariance: 0.09707
### 12/15 Mode A minimize+rescore: caspo_T2__boltz_sample_1_predicted_structure
==============================
*** Open Babel Warning  in Init
  Cannot initialize database 'space-groups.txt' which may cause further errors.
              _             
             (_)            
   __ _ _ __  _ _ __   __ _ 
  / _` | '_ \| | '_ \ / _` |
 | (_| | | | | | | | | (_| |
  \__, |_| |_|_|_| |_|\__,_|
   __/ |                    
  |___/                     

gnina v1.1 master:e4cb380+   Built Dec 18 2023.
gnina is based on smina and AutoDock Vina.
Please cite appropriately.

WARNING: No GPU detected. CNN scoring will be slow.
Recommend running with single model (--cnn crossdock_default2018)
or without cnn scoring (--cnn_scoring=none).

Commandline: /home/share/zhangz/Apps/gnina-1.1/gnina -r /home/share/zhangz/Jobs/mode_A_boltz_gnina_20260713/receptors/caspo_T2_H.pdb -l /home/share/zhangz/Jobs/mode_A_boltz_gnina_20260713/cofold_poses/caspo_T2__boltz_sample_1_predicted_structure.sdf --device 0 --minimize --cnn_scoring rescore -o /home/share/zhangz/Jobs/mode_A_boltz_gnina_20260713/out_gnina/caspo_T2__boltz_sample_1_predicted_structure_min.sdf
Affinity: -3.85556  -4.00270 (kcal/mol)
RMSD: 3.04394
CNNscore: 0.13112 
CNNaffinity: 5.58934
CNNvariance: 0.19262
### 13/15 Mode A minimize+rescore: caspo_T2__boltz_sample_2_predicted_structure
==============================
*** Open Babel Warning  in Init
  Cannot initialize database 'space-groups.txt' which may cause further errors.
              _             
             (_)            
   __ _ _ __  _ _ __   __ _ 
  / _` | '_ \| | '_ \ / _` |
 | (_| | | | | | | | | (_| |
  \__, |_| |_|_|_| |_|\__,_|
   __/ |                    
  |___/                     

gnina v1.1 master:e4cb380+   Built Dec 18 2023.
gnina is based on smina and AutoDock Vina.
Please cite appropriately.

WARNING: No GPU detected. CNN scoring will be slow.
Recommend running with single model (--cnn crossdock_default2018)
or without cnn scoring (--cnn_scoring=none).

Commandline: /home/share/zhangz/Apps/gnina-1.1/gnina -r /home/share/zhangz/Jobs/mode_A_boltz_gnina_20260713/receptors/caspo_T2_H.pdb -l /home/share/zhangz/Jobs/mode_A_boltz_gnina_20260713/cofold_poses/caspo_T2__boltz_sample_2_predicted_structure.sdf --device 0 --minimize --cnn_scoring rescore -o /home/share/zhangz/Jobs/mode_A_boltz_gnina_20260713/out_gnina/caspo_T2__boltz_sample_2_predicted_structure_min.sdf
Affinity: -2.27207  -2.84896 (kcal/mol)
RMSD: 4.07908
CNNscore: 0.40384 
CNNaffinity: 5.52542
CNNvariance: 0.25956
### 14/15 Mode A minimize+rescore: caspo_T2__boltz_sample_3_predicted_structure
==============================
*** Open Babel Warning  in Init
  Cannot initialize database 'space-groups.txt' which may cause further errors.
              _             
             (_)            
   __ _ _ __  _ _ __   __ _ 
  / _` | '_ \| | '_ \ / _` |
 | (_| | | | | | | | | (_| |
  \__, |_| |_|_|_| |_|\__,_|
   __/ |                    
  |___/                     

gnina v1.1 master:e4cb380+   Built Dec 18 2023.
gnina is based on smina and AutoDock Vina.
Please cite appropriately.

WARNING: No GPU detected. CNN scoring will be slow.
Recommend running with single model (--cnn crossdock_default2018)
or without cnn scoring (--cnn_scoring=none).

Commandline: /home/share/zhangz/Apps/gnina-1.1/gnina -r /home/share/zhangz/Jobs/mode_A_boltz_gnina_20260713/receptors/caspo_T2_H.pdb -l /home/share/zhangz/Jobs/mode_A_boltz_gnina_20260713/cofold_poses/caspo_T2__boltz_sample_3_predicted_structure.sdf --device 0 --minimize --cnn_scoring rescore -o /home/share/zhangz/Jobs/mode_A_boltz_gnina_20260713/out_gnina/caspo_T2__boltz_sample_3_predicted_structure_min.sdf
Affinity: -6.35780  -4.50189 (kcal/mol)
RMSD: 2.82987
CNNscore: 0.13696 
CNNaffinity: 5.79034
CNNvariance: 0.12406
### 15/15 Mode A minimize+rescore: caspo_T2__boltz_sample_4_predicted_structure
==============================
*** Open Babel Warning  in Init
  Cannot initialize database 'space-groups.txt' which may cause further errors.
              _             
             (_)            
   __ _ _ __  _ _ __   __ _ 
  / _` | '_ \| | '_ \ / _` |
 | (_| | | | | | | | | (_| |
  \__, |_| |_|_|_| |_|\__,_|
   __/ |                    
  |___/                     

gnina v1.1 master:e4cb380+   Built Dec 18 2023.
gnina is based on smina and AutoDock Vina.
Please cite appropriately.

WARNING: No GPU detected. CNN scoring will be slow.
Recommend running with single model (--cnn crossdock_default2018)
or without cnn scoring (--cnn_scoring=none).

Commandline: /home/share/zhangz/Apps/gnina-1.1/gnina -r /home/share/zhangz/Jobs/mode_A_boltz_gnina_20260713/receptors/caspo_T2_H.pdb -l /home/share/zhangz/Jobs/mode_A_boltz_gnina_20260713/cofold_poses/caspo_T2__boltz_sample_4_predicted_structure.sdf --device 0 --minimize --cnn_scoring rescore -o /home/share/zhangz/Jobs/mode_A_boltz_gnina_20260713/out_gnina/caspo_T2__boltz_sample_4_predicted_structure_min.sdf
Affinity: -6.54187  -4.77573 (kcal/mol)
RMSD: 4.15294
CNNscore: 0.03914 
CNNaffinity: 5.68215
CNNvariance: 0.15858
OUTPUT_SDF_COUNT=15
END=2026-07-13T21:48:18+0800
MODE_A_GNINA_V11_OK
