
       ╔════════════════════════════════════════════╗
       ║            ___ ___ ___ ___ _____           ║
       ║           / __| _ \ __/ __|_   _|          ║
       ║          | (__|   / _|\__ \ | |            ║
       ║           \___|_|_\___|___/ |_|            ║
       ║                                            ║
       ║  Conformer-Rotamer Ensemble Sampling Tool  ║
       ║          based on the xTB methods          ║
       ║                                            ║
       ╚════════════════════════════════════════════╝
       Version 3.0.2, Sun, 25 August 20:02:44, 08/25/2024
       commit (af7eb99) compiled by 'usr@fv-az732-492'

   Cite work conducted with this code as

   • P.Pracht, F.Bohle, S.Grimme, PCCP, 2020, 22, 7169-7192.
   • S.Grimme, JCTC, 2019, 15, 2847-2862.
   • P.Pracht, S.Grimme, C.Bannwarth, F.Bohle, S.Ehlert,
     G.Feldmann, J.Gorges, M.Müller, T.Neudecker, C.Plett,
     S.Spicher, P.Steinbach, P.Wesołowski, F.Zeller,
     J. Chem. Phys., 2024, 160, 114110.

   for works involving QCG cite

   • S.Spicher, C.Plett, P.Pracht, A.Hansen, S.Grimme,
     JCTC, 2022, 18 (5), 3174-3189.
   • C.Plett, S. Grimme,
     Angew. Chem. Int. Ed. 2023, 62, e202214477.

   for works involving MECP screening cite

   • P.Pracht, C.Bannwarth, JCTC, 2022, 18 (10), 6370-6385.

   Original code
     P.Pracht, S.Grimme, Universität Bonn, MCTC
   with help from (alphabetical order):
     C.Bannwarth, F.Bohle, S.Ehlert, G.Feldmann, J.Gorges,
     S.Grimme, C.Plett, P.Pracht, S.Spicher, P.Steinbach,
     P.Wesolowski, F.Zeller

   Online documentation is available at
   https://crest-lab.github.io/crest-docs/

   This program is distributed in the hope that it will be useful,
   but WITHOUT ANY WARRANTY; without even the implied warranty of
   MERCHANTABILITY or FITNESS FOR A PARTICULAR PURPOSE. See the
   GNU Lesser General Public License (LGPL) for more details.

 Command line input:
 $ crest --screen pool_gfnff.xyz --gfn2 --alpb water -ewin 10 --T 35

  --gfn2               : Use of GFN2-xTB requested.
  --alpb water : implicit solvation
  -ewin 10
  --T 35 (CPUs/Threads selected)

> Setting up backup calculator ... done.
 ----------------
 Calculation info
 ----------------
> User-defined calculation level:
 : xTB calculation via tblite lib
 : GFN2-xTB level
 :   Molecular charge    : 0
 :   Solvation model     : alpb
 :   Solvent             : water
 :   Fermi temperature   : 300.00000
 :   Accuracy            : 1.00000
 :   max SCC cycles      : 500


 -----------------------------
 Initial Geometry Optimization
 -----------------------------
 Geometry successfully optimized.


          ┍━━━━━━━━━━━━━━━━━━━━━━━━━━━━━━━━━━━━━━━━━━━━━━━━┑
          │               ENSEMBLE SCREENING               │
          ┕━━━━━━━━━━━━━━━━━━━━━━━━━━━━━━━━━━━━━━━━━━━━━━━━┙

 Multilevel optimization and structure screening.

 Input file: <pool_gfnff.xyz>
 Containing 150 structures.

 ======================================
 |  Multilevel Ensemble Optimization  |
 ======================================
 Optimizing all 150 structures from file "pool_gfnff.xyz" ...
 ----------------------
 crude pre-optimization
 ----------------------
 Optimization engine: ANCOPT
 Hessian update type: BFGS
 E/G convergence criteria:  0.500E-03 Eh, 0.100E-01 Eh/a0
 maximum optimization steps: 200
 |>0.7% |>10.0% |>20.0% |>30.0% |>40.0% |>50.0% |>60.0% |>70.7% |>80.0% |>90.7% |>100.0%
 done.
> 150 of 150 structures successfully optimized (100.0% success)
> Total runtime for 150 optimizations:
 * wall-time:     0 d,  0 h,  1 min, 45.014 sec
 *  cpu-time:     0 d,  0 h, 39 min, 21.848 sec
 * ratio c/w:    22.491 speedup
> Corresponding to approximately 0.700 sec per processed structure

CREGEN> running RMSDs ... done.
CREGEN> E lowest :  -230.76637
 143 structures remain within    20.00 kcal/mol window
 ------------------------------------
 optimization with regular thresholds
 ------------------------------------
 Optimization engine: ANCOPT
 Hessian update type: BFGS
 E/G convergence criteria:  0.500E-05 Eh, 0.100E-02 Eh/a0
 maximum optimization steps: 200
 |>0.7% |>10.5% |>20.3% |>30.1% |>40.6% |>50.3% |>60.1% |>70.6% |>80.4% |>90.2% |>100.0%
 done.
> 141 of 143 structures successfully optimized (98.6% success)
> Total runtime for 143 optimizations:
 * wall-time:     0 d,  0 h,  8 min, 53.329 sec
 *  cpu-time:     0 d,  3 h, 12 min,  2.460 sec
 * ratio c/w:    21.605 speedup
> Corresponding to approximately 3.730 sec per processed structure

CREGEN> running RMSDs ... done.
CREGEN> E lowest :  -230.77213
 135 structures remain within    10.00 kcal/mol window
 ---------------------------------------
 optimization with very tight thresholds
 ---------------------------------------
 Optimization engine: ANCOPT
 Hessian update type: BFGS
 E/G convergence criteria:  0.100E-06 Eh, 0.200E-03 Eh/a0
 maximum optimization steps: 200
 |>0.7% |>10.4% |>20.0% |>30.4% |>40.0% |>50.4% |>60.0% |>70.4% |>80.0% |>90.4% |>100.0%
 done.
> 118 of 135 structures successfully optimized (87.4% success)
> Total runtime for 135 optimizations:
 * wall-time:     0 d,  0 h,  8 min, 42.610 sec
 *  cpu-time:     0 d,  2 h, 55 min, 52.249 sec
 * ratio c/w:    20.191 speedup
> Corresponding to approximately 3.871 sec per processed structure

CREGEN> running RMSDs ... done.
CREGEN> E lowest :  -230.77221
 115 structures remain within    10.00 kcal/mol window
 input  file name : crest_rotamers_2.xyz
 output file name : crest_rotamers_3.xyz
 number of atoms                :   138
 number of points on xyz files  :   118
 RMSD threshold                 :   0.1250
 Bconst threshold               :   0.0100
 population threshold           :   0.0500
 # fragment in coord            :     1
 # bonds in reference structure :   143
 number of reliable points      :   118
 sorting energy window (EWIN)   :   10.0000 / kcal*mol⁻¹
 reference state Etot           :  -230.77221259000001
 number of doubles removed by rot/RMSD         :           3
 total number unique points considered further :         115
       Erel/kcal        Etot weight/tot  conformer     set   degen     origin
       1   0.000  -230.77221    0.16037    0.16037       1       1
       2   0.195  -230.77190    0.11534    0.11534       2       1
       3   0.270  -230.77178    0.10170    0.10170       3       1
       4   0.352  -230.77165    0.08858    0.08858       4       1
       5   0.458  -230.77148    0.07410    0.07410       5       1
       6   0.584  -230.77128    0.05988    0.05988       6       1
       7   0.940  -230.77071    0.03285    0.03285       7       1
       8   1.008  -230.77061    0.02929    0.02929       8       1
       9   1.050  -230.77054    0.02728    0.02728       9       1
      10   1.063  -230.77052    0.02669    0.05176      10       2
      11   1.100  -230.77046    0.02507
      12   1.102  -230.77046    0.02499    0.02499      11       1
      13   1.152  -230.77038    0.02297    0.02297      12       1
      14   1.158  -230.77037    0.02274    0.04547      13       2
      15   1.159  -230.77037    0.02273
      16   1.306  -230.77013    0.01772    0.01772      14       1
      17   1.492  -230.76984    0.01296    0.01296      15       1
      18   1.557  -230.76973    0.01161    0.01161      16       1
      19   1.564  -230.76972    0.01148    0.01148      17       1
      20   1.565  -230.76972    0.01146    0.01146      18       1
      21   1.573  -230.76971    0.01131    0.01131      19       1
      22   1.595  -230.76967    0.01089    0.01089      20       1
      23   1.711  -230.76949    0.00896    0.00896      21       1
      24   1.772  -230.76939    0.00808    0.00808      22       1
      25   1.815  -230.76932    0.00751    0.00751      23       1
      26   1.825  -230.76930    0.00738    0.00738      24       1
      27   2.065  -230.76892    0.00493    0.00493      25       1
      28   2.093  -230.76888    0.00470    0.00470      26       1
      29   2.194  -230.76872    0.00397    0.00397      27       1
      30   2.332  -230.76850    0.00314    0.00314      28       1
      31   2.397  -230.76839    0.00282    0.00282      29       1
      32   2.661  -230.76797    0.00180    0.00180      30       1
      33   2.693  -230.76792    0.00171    0.00171      31       1
      34   2.699  -230.76791    0.00169    0.00169      32       1
      35   2.800  -230.76775    0.00143    0.00143      33       1
      36   2.826  -230.76771    0.00137    0.00137      34       1
      37   2.938  -230.76753    0.00113    0.00113      35       1
      38   3.006  -230.76742    0.00101    0.00101      36       1
      39   3.054  -230.76735    0.00093    0.00093      37       1
      40   3.100  -230.76727    0.00086    0.00086      38       1
      41   3.122  -230.76724    0.00083    0.00083      39       1
      42   3.163  -230.76717    0.00077    0.00077      40       1
      43   3.192  -230.76713    0.00074    0.00074      41       1
      44   3.212  -230.76709    0.00071    0.00141      42       2
      45   3.220  -230.76708    0.00070
      46   3.228  -230.76707    0.00069    0.00069      43       1
      47   3.229  -230.76707    0.00069    0.00069      44       1
      48   3.301  -230.76695    0.00061    0.00061      45       1
      49   3.310  -230.76694    0.00060    0.00060      46       1
      50   3.335  -230.76690    0.00058    0.00058      47       1
      51   3.368  -230.76685    0.00055    0.00055      48       1
      52   3.434  -230.76674    0.00049    0.00049      49       1
      53   3.483  -230.76666    0.00045    0.00045      50       1
      54   3.492  -230.76665    0.00044    0.00044      51       1
      55   3.512  -230.76662    0.00043    0.00043      52       1
      56   3.525  -230.76659    0.00042    0.00042      53       1
      57   3.534  -230.76658    0.00041    0.00041      54       1
      58   3.626  -230.76643    0.00035    0.00035      55       1
      59   3.637  -230.76642    0.00035    0.00035      56       1
      60   3.654  -230.76639    0.00034    0.00034      57       1
      61   3.824  -230.76612    0.00025    0.00025      58       1
      62   3.872  -230.76604    0.00023    0.00023      59       1
      63   3.891  -230.76601    0.00023    0.00023      60       1
      64   3.948  -230.76592    0.00021    0.00021      61       1
      65   3.975  -230.76588    0.00020    0.00020      62       1
      66   3.977  -230.76587    0.00020    0.00020      63       1
      67   4.068  -230.76573    0.00017    0.00017      64       1
      68   4.156  -230.76559    0.00014    0.00014      65       1
      69   4.176  -230.76556    0.00014    0.00014      66       1
      70   4.214  -230.76550    0.00013    0.00013      67       1
      71   4.235  -230.76546    0.00013    0.00013      68       1
      72   4.367  -230.76525    0.00010    0.00010      69       1
      73   4.371  -230.76525    0.00010    0.00010      70       1
      74   4.413  -230.76518    0.00009    0.00009      71       1
      75   4.480  -230.76507    0.00008    0.00008      72       1
      76   4.485  -230.76507    0.00008    0.00008      73       1
      77   4.507  -230.76503    0.00008    0.00008      74       1
      78   4.553  -230.76496    0.00007    0.00007      75       1
      79   4.572  -230.76493    0.00007    0.00007      76       1
      80   4.626  -230.76484    0.00007    0.00007      77       1
      81   4.633  -230.76483    0.00006    0.00006      78       1
      82   4.685  -230.76475    0.00006    0.00006      79       1
      83   4.685  -230.76475    0.00006    0.00006      80       1
      84   4.754  -230.76464    0.00005    0.00005      81       1
      85   4.813  -230.76454    0.00005    0.00005      82       1
      86   4.888  -230.76442    0.00004    0.00004      83       1
      87   4.895  -230.76441    0.00004    0.00004      84       1
      88   4.980  -230.76428    0.00004    0.00004      85       1
      89   5.046  -230.76417    0.00003    0.00003      86       1
      90   5.070  -230.76413    0.00003    0.00003      87       1
      91   5.140  -230.76402    0.00003    0.00003      88       1
      92   5.291  -230.76378    0.00002    0.00002      89       1
      93   5.472  -230.76349    0.00002    0.00002      90       1
      94   5.614  -230.76327    0.00001    0.00001      91       1
      95   5.702  -230.76313    0.00001    0.00001      92       1
      96   5.861  -230.76287    0.00001    0.00001      93       1
      97   5.920  -230.76278    0.00001    0.00001      94       1
      98   5.939  -230.76275    0.00001    0.00001      95       1
      99   6.041  -230.76259    0.00001    0.00001      96       1
     100   6.140  -230.76243    0.00001    0.00001      97       1
     101   6.237  -230.76227    0.00000    0.00000      98       1
     102   6.266  -230.76223    0.00000    0.00000      99       1
     103   6.402  -230.76201    0.00000    0.00000     100       1
     104   6.527  -230.76181    0.00000    0.00000     101       1
     105   6.636  -230.76164    0.00000    0.00000     102       1
     106   6.752  -230.76145    0.00000    0.00000     103       1
     107   6.760  -230.76144    0.00000    0.00000     104       1
     108   6.851  -230.76129    0.00000    0.00000     105       1
     109   7.345  -230.76051    0.00000    0.00000     106       1
     110   7.455  -230.76033    0.00000    0.00000     107       1
     111   7.532  -230.76021    0.00000    0.00000     108       1
     112   7.799  -230.75978    0.00000    0.00000     109       1
     113   7.932  -230.75957    0.00000    0.00000     110       1
     114   8.128  -230.75926    0.00000    0.00000     111       1
     115   9.291  -230.75741    0.00000    0.00000     112       1
T /K                                  :   298.15
E lowest                              :  -230.77221
ensemble average energy (kcal)        :    0.718
ensemble entropy (J/mol K, cal/mol K) :   25.292    6.045
ensemble free energy (kcal/mol)       :   -1.802
population of lowest in %             :   16.037
 number of unique conformers for further calc          112
 list of relative energies saved as "crest.energies"

 Final ensemble on file <crest_ensemble.xyz>

 -----------------
 Wall Time Summary
 -----------------
 CREST runtime (total)               0 d,  0 h, 20 min, 40.501 sec
 ------------------------------------------------------------------
 Ensemble screening         ...       19 min, 30.930 sec ( 94.392%)
 I/O and setup              ...        1 min,  9.570 sec (  5.608%)
 ------------------------------------------------------------------
 * wall-time:     0 d,  0 h, 20 min, 40.501 sec
 *  cpu-time:     0 d,  7 h, 16 min, 57.962 sec
 * ratio c/w:    21.135 speedup
 ------------------------------------------------------------------
 * Total number of energy+grad calls: 32950

 CREST terminated normally.
