
       ╔════════════════════════════════════════════╗
       ║            ___ ___ ___ ___ _____           ║
       ║           / __| _ \ __/ __|_   _|          ║
       ║          | (__|   / _|\__ \ | |            ║
       ║           \___|_|_\___|___/ |_|            ║
       ║                                            ║
       ║  Conformer-Rotamer Ensemble Sampling Tool  ║
       ║          based on the xTB methods          ║
       ║                                            ║
       ╚════════════════════════════════════════════╝
       Version 3.0.2, Sun, 25 August 20:02:44, 08/25/2024
       commit (af7eb99) compiled by 'usr@fv-az732-492'

   Cite work conducted with this code as

   • P.Pracht, F.Bohle, S.Grimme, PCCP, 2020, 22, 7169-7192.
   • S.Grimme, JCTC, 2019, 15, 2847-2862.
   • P.Pracht, S.Grimme, C.Bannwarth, F.Bohle, S.Ehlert,
     G.Feldmann, J.Gorges, M.Müller, T.Neudecker, C.Plett,
     S.Spicher, P.Steinbach, P.Wesołowski, F.Zeller,
     J. Chem. Phys., 2024, 160, 114110.

   for works involving QCG cite

   • S.Spicher, C.Plett, P.Pracht, A.Hansen, S.Grimme,
     JCTC, 2022, 18 (5), 3174-3189.
   • C.Plett, S. Grimme,
     Angew. Chem. Int. Ed. 2023, 62, e202214477.

   for works involving MECP screening cite

   • P.Pracht, C.Bannwarth, JCTC, 2022, 18 (10), 6370-6385.

   Original code
     P.Pracht, S.Grimme, Universität Bonn, MCTC
   with help from (alphabetical order):
     C.Bannwarth, F.Bohle, S.Ehlert, G.Feldmann, J.Gorges,
     S.Grimme, C.Plett, P.Pracht, S.Spicher, P.Steinbach,
     P.Wesolowski, F.Zeller

   Online documentation is available at
   https://crest-lab.github.io/crest-docs/

   This program is distributed in the hope that it will be useful,
   but WITHOUT ANY WARRANTY; without even the implied warranty of
   MERCHANTABILITY or FITNESS FOR A PARTICULAR PURPOSE. See the
   GNU Lesser General Public License (LGPL) for more details.

 Command line input:
 $ crest --screen pool_gfnff.xyz --gfn2 --alpb water -ewin 10 --T 40

  --gfn2               : Use of GFN2-xTB requested.
  --alpb water : implicit solvation
  -ewin 10
  --T 40 (CPUs/Threads selected)

> Setting up backup calculator ... done.
 ----------------
 Calculation info
 ----------------
> User-defined calculation level:
 : xTB calculation via tblite lib
 : GFN2-xTB level
 :   Molecular charge    : 0
 :   Solvation model     : alpb
 :   Solvent             : water
 :   Fermi temperature   : 300.00000
 :   Accuracy            : 1.00000
 :   max SCC cycles      : 500


 -----------------------------
 Initial Geometry Optimization
 -----------------------------
 Geometry successfully optimized.


          ┍━━━━━━━━━━━━━━━━━━━━━━━━━━━━━━━━━━━━━━━━━━━━━━━━┑
          │               ENSEMBLE SCREENING               │
          ┕━━━━━━━━━━━━━━━━━━━━━━━━━━━━━━━━━━━━━━━━━━━━━━━━┙

 Multilevel optimization and structure screening.

 Input file: <pool_gfnff.xyz>
 Containing 141 structures.

 ======================================
 |  Multilevel Ensemble Optimization  |
 ======================================
 Optimizing all 141 structures from file "pool_gfnff.xyz" ...
 ----------------------
 crude pre-optimization
 ----------------------
 Optimization engine: ANCOPT
 Hessian update type: BFGS
 E/G convergence criteria:  0.500E-03 Eh, 0.100E-01 Eh/a0
 maximum optimization steps: 200
 |>0.7% |>10.6% |>20.6% |>30.5% |>40.4% |>50.4% |>60.3% |>70.2% |>80.1% |>90.1% |>100.0%
 done.
> 141 of 141 structures successfully optimized (100.0% success)
> Total runtime for 141 optimizations:
 * wall-time:     0 d,  0 h,  1 min, 50.718 sec
 *  cpu-time:     0 d,  0 h, 57 min, 48.953 sec
 * ratio c/w:    31.331 speedup
> Corresponding to approximately 0.785 sec per processed structure

CREGEN> running RMSDs ... done.
CREGEN> E lowest :  -236.05902
 138 structures remain within    20.00 kcal/mol window
 ------------------------------------
 optimization with regular thresholds
 ------------------------------------
 Optimization engine: ANCOPT
 Hessian update type: BFGS
 E/G convergence criteria:  0.500E-05 Eh, 0.100E-02 Eh/a0
 maximum optimization steps: 200
 |>0.7% |>10.1% |>20.3% |>30.4% |>40.6% |>50.0% |>60.1% |>70.3% |>80.4% |>90.6% |>100.0%
 done.
> 137 of 138 structures successfully optimized (99.3% success)
> Total runtime for 138 optimizations:
 * wall-time:     0 d,  0 h,  6 min, 37.599 sec
 *  cpu-time:     0 d,  2 h, 54 min,  8.633 sec
 * ratio c/w:    26.279 speedup
> Corresponding to approximately 2.881 sec per processed structure

CREGEN> running RMSDs ... done.
CREGEN> E lowest :  -236.06386
 127 structures remain within    10.00 kcal/mol window
 ---------------------------------------
 optimization with very tight thresholds
 ---------------------------------------
 Optimization engine: ANCOPT
 Hessian update type: BFGS
 E/G convergence criteria:  0.100E-06 Eh, 0.200E-03 Eh/a0
 maximum optimization steps: 200
 |>0.8% |>10.2% |>20.5% |>30.7% |>40.2% |>50.4% |>60.6% |>70.1% |>80.3% |>90.6% |>100.0%
 done.
> 117 of 127 structures successfully optimized (92.1% success)
> Total runtime for 127 optimizations:
 * wall-time:     0 d,  0 h,  6 min, 53.152 sec
 *  cpu-time:     0 d,  2 h, 34 min, 44.710 sec
 * ratio c/w:    22.473 speedup
> Corresponding to approximately 3.253 sec per processed structure

CREGEN> running RMSDs ... done.
CREGEN> E lowest :  -236.06389
 116 structures remain within    10.00 kcal/mol window
 input  file name : crest_rotamers_2.xyz
 output file name : crest_rotamers_3.xyz
 number of atoms                :   142
 number of points on xyz files  :   117
 RMSD threshold                 :   0.1250
 Bconst threshold               :   0.0100
 population threshold           :   0.0500
 # fragment in coord            :     1
 # bonds in reference structure :   147
 number of reliable points      :   117
 sorting energy window (EWIN)   :   10.0000 / kcal*mol⁻¹
 reference state Etot           :  -236.06389479000001
 number of doubles removed by rot/RMSD         :           1
 total number unique points considered further :         116
       Erel/kcal        Etot weight/tot  conformer     set   degen     origin
       1   0.000  -236.06389    0.40834    0.40834       1       1
       2   0.520  -236.06307    0.17004    0.17004       2       1
       3   0.696  -236.06279    0.12631    0.12631       3       1
       4   1.288  -236.06184    0.04653    0.04653       4       1
       5   1.343  -236.06175    0.04238    0.04238       5       1
       6   1.515  -236.06148    0.03174    0.03174       6       1
       7   1.655  -236.06126    0.02506    0.02506       7       1
       8   1.656  -236.06126    0.02500    0.02500       8       1
       9   1.915  -236.06084    0.01616    0.01616       9       1
      10   1.922  -236.06083    0.01597    0.01597      10       1
      11   2.116  -236.06052    0.01151    0.01151      11       1
      12   2.162  -236.06045    0.01065    0.01065      12       1
      13   2.182  -236.06042    0.01031    0.01031      13       1
      14   2.208  -236.06038    0.00986    0.01972      14       2
      15   2.208  -236.06038    0.00986
      16   2.502  -236.05991    0.00601    0.00601      15       1
      17   2.724  -236.05955    0.00413    0.00413      16       1
      18   2.813  -236.05941    0.00356    0.00356      17       1
      19   2.981  -236.05914    0.00268    0.00268      18       1
      20   3.060  -236.05902    0.00234    0.00234      19       1
      21   3.111  -236.05894    0.00215    0.00215      20       1
      22   3.142  -236.05889    0.00204    0.00204      21       1
      23   3.189  -236.05881    0.00189    0.00189      22       1
      24   3.247  -236.05872    0.00171    0.00171      23       1
      25   3.267  -236.05869    0.00165    0.00165      24       1
      26   3.353  -236.05855    0.00143    0.00143      25       1
      27   3.406  -236.05847    0.00131    0.00262      26       2
      28   3.406  -236.05847    0.00131
      29   3.509  -236.05830    0.00110    0.00110      27       1
      30   3.687  -236.05802    0.00081    0.00081      28       1
      31   3.774  -236.05788    0.00070    0.00070      29       1
      32   3.780  -236.05787    0.00070    0.00070      30       1
      33   3.829  -236.05779    0.00064    0.00064      31       1
      34   3.906  -236.05767    0.00056    0.00056      32       1
      35   3.964  -236.05758    0.00051    0.00051      33       1
      36   4.123  -236.05732    0.00039    0.00039      34       1
      37   4.180  -236.05723    0.00035    0.00035      35       1
      38   4.264  -236.05710    0.00031    0.00031      36       1
      39   4.292  -236.05706    0.00029    0.00029      37       1
      40   4.334  -236.05699    0.00027    0.00027      38       1
      41   4.380  -236.05692    0.00025    0.00025      39       1
      42   4.731  -236.05636    0.00014    0.00014      40       1
      43   5.043  -236.05586    0.00008    0.00008      41       1
      44   5.103  -236.05576    0.00007    0.00007      42       1
      45   5.159  -236.05567    0.00007    0.00007      43       1
      46   5.175  -236.05565    0.00007    0.00007      44       1
      47   5.244  -236.05554    0.00006    0.00006      45       1
      48   5.297  -236.05545    0.00005    0.00005      46       1
      49   5.348  -236.05537    0.00005    0.00005      47       1
      50   5.456  -236.05520    0.00004    0.00004      48       1
      51   5.511  -236.05511    0.00004    0.00004      49       1
      52   5.513  -236.05511    0.00004    0.00004      50       1
      53   5.541  -236.05506    0.00004    0.00004      51       1
      54   5.568  -236.05502    0.00003    0.00003      52       1
      55   5.579  -236.05500    0.00003    0.00003      53       1
      56   5.597  -236.05497    0.00003    0.00003      54       1
      57   5.689  -236.05483    0.00003    0.00006      55       2
      58   5.690  -236.05483    0.00003
      59   5.753  -236.05473    0.00002    0.00002      56       1
      60   5.782  -236.05468    0.00002    0.00002      57       1
      61   5.791  -236.05467    0.00002    0.00002      58       1
      62   5.817  -236.05463    0.00002    0.00002      59       1
      63   6.154  -236.05409    0.00001    0.00001      60       1
      64   6.172  -236.05406    0.00001    0.00001      61       1
      65   6.211  -236.05400    0.00001    0.00001      62       1
      66   6.213  -236.05399    0.00001    0.00001      63       1
      67   6.260  -236.05392    0.00001    0.00001      64       1
      68   6.271  -236.05390    0.00001    0.00001      65       1
      69   6.365  -236.05375    0.00001    0.00001      66       1
      70   6.405  -236.05369    0.00001    0.00001      67       1
      71   6.441  -236.05363    0.00001    0.00002      68       2
      72   6.476  -236.05358    0.00001
      73   6.519  -236.05351    0.00001    0.00001      69       1
      74   6.590  -236.05339    0.00001    0.00001      70       2
      75   6.593  -236.05339    0.00001
      76   6.610  -236.05336    0.00001    0.00001      71       1
      77   6.635  -236.05332    0.00001    0.00001      72       1
      78   6.637  -236.05332    0.00001    0.00001      73       1
      79   6.786  -236.05308    0.00000    0.00000      74       1
      80   6.787  -236.05308    0.00000    0.00000      75       1
      81   6.787  -236.05308    0.00000    0.00000      76       1
      82   6.796  -236.05307    0.00000    0.00000      77       1
      83   6.927  -236.05286    0.00000    0.00000      78       1
      84   6.933  -236.05285    0.00000    0.00001      79       2
      85   6.940  -236.05284    0.00000
      86   7.045  -236.05267    0.00000    0.00000      80       1
      87   7.075  -236.05262    0.00000    0.00000      81       1
      88   7.096  -236.05259    0.00000    0.00000      82       1
      89   7.261  -236.05232    0.00000    0.00000      83       1
      90   7.272  -236.05231    0.00000    0.00000      84       1
      91   7.275  -236.05230    0.00000    0.00000      85       1
      92   7.285  -236.05229    0.00000    0.00000      86       1
      93   7.401  -236.05210    0.00000    0.00000      87       1
      94   7.639  -236.05172    0.00000    0.00000      88       1
      95   7.678  -236.05166    0.00000    0.00000      89       1
      96   7.695  -236.05163    0.00000    0.00000      90       1
      97   7.703  -236.05162    0.00000    0.00000      91       1
      98   7.795  -236.05147    0.00000    0.00000      92       1
      99   7.844  -236.05139    0.00000    0.00000      93       1
     100   7.852  -236.05138    0.00000    0.00000      94       1
     101   7.908  -236.05129    0.00000    0.00000      95       1
     102   7.990  -236.05116    0.00000    0.00000      96       1
     103   8.010  -236.05113    0.00000    0.00000      97       1
     104   8.253  -236.05074    0.00000    0.00000      98       1
     105   8.276  -236.05071    0.00000    0.00000      99       1
     106   8.352  -236.05059    0.00000    0.00000     100       1
     107   8.469  -236.05040    0.00000    0.00000     101       1
     108   8.506  -236.05034    0.00000    0.00000     102       1
     109   8.539  -236.05029    0.00000    0.00000     103       1
     110   8.652  -236.05011    0.00000    0.00000     104       1
     111   8.876  -236.04975    0.00000    0.00000     105       1
     112   8.959  -236.04962    0.00000    0.00000     106       1
     113   8.991  -236.04957    0.00000    0.00000     107       1
     114   9.027  -236.04951    0.00000    0.00000     108       1
     115   9.154  -236.04931    0.00000    0.00000     109       1
     116   9.666  -236.04849    0.00000    0.00000     110       1
T /K                                  :   298.15
E lowest                              :  -236.06389
ensemble average energy (kcal)        :    0.728
ensemble entropy (J/mol K, cal/mol K) :   17.650    4.218
ensemble free energy (kcal/mol)       :   -1.258
population of lowest in %             :   40.834
 number of unique conformers for further calc          110
 list of relative energies saved as "crest.energies"

 Final ensemble on file <crest_ensemble.xyz>

 -----------------
 Wall Time Summary
 -----------------
 CREST runtime (total)               0 d,  0 h, 16 min, 44.113 sec
 ------------------------------------------------------------------
 Ensemble screening         ...       15 min, 31.928 sec ( 92.811%)
 I/O and setup              ...        1 min, 12.185 sec (  7.189%)
 ------------------------------------------------------------------
 * wall-time:     0 d,  0 h, 16 min, 44.113 sec
 *  cpu-time:     0 d,  7 h,  4 min,  1.449 sec
 * ratio c/w:    25.337 speedup
 ------------------------------------------------------------------
 * Total number of energy+grad calls: 22494

 CREST terminated normally.
