AutoDock Vina f458505-mod
#################################################################
# If you used AutoDock Vina in your work, please cite:          #
#                                                               #
# J. Eberhardt, D. Santos-Martins, A. F. Tillack, and S. Forli  #
# AutoDock Vina 1.2.0: New Docking Methods, Expanded Force      #
# Field, and Python Bindings, J. Chem. Inf. Model. (2021)       #
# DOI 10.1021/acs.jcim.1c00203                                  #
#                                                               #
# O. Trott, A. J. Olson,                                        #
# AutoDock Vina: improving the speed and accuracy of docking    #
# with a new scoring function, efficient optimization and       #
# multithreading, J. Comp. Chem. (2010)                         #
# DOI 10.1002/jcc.21334                                         #
#                                                               #
# Please see https://github.com/ccsb-scripps/AutoDock-Vina for  #
# more information.                                             #
#################################################################

Scoring function : vina
Rigid receptor: receptors/9WZU_apo.pdbqt
Ligand: papB.pdbqt
Grid center: X 198.224 Y 203.56 Z 210.755
Grid size  : X 29.1 Y 40 Z 39.9
Grid space : 0.375
Exhaustiveness: 64
CPU: 16
Verbosity: 1

Computing Vina grid ... done.
Performing docking (random seed: -489195255) ... 
0%   10   20   30   40   50   60   70   80   90   100%
|----|----|----|----|----|----|----|----|----|----|
***************************************************

mode |   affinity | dist from best mode
     | (kcal/mol) | rmsd l.b.| rmsd u.b.
-----+------------+----------+----------
   1       -7.266          0          0
   2       -7.254      29.94      33.08
   3       -7.197      29.35      33.79
   4       -7.115      30.27      33.43
   5       -7.102      20.12      25.94
   6       -7.037      21.41      28.49
   7       -6.963      29.49      34.11
   8       -6.946      29.19       32.6
   9       -6.945      29.64       32.7
  10       -6.942      18.13      25.73
  11       -6.939      2.093      4.085
  12       -6.891      28.89      32.05
  13       -6.873      28.67      32.71
  14       -6.838       14.8      20.28
  15       -6.822      18.92      26.01
  16        -6.79      17.45      22.51
  17       -6.776      20.62      27.44
  18       -6.762      17.62      22.36
  19       -6.741      8.513      15.88
  20       -6.633      17.53       24.9
