AutoDock Vina f458505-mod
#################################################################
# If you used AutoDock Vina in your work, please cite:          #
#                                                               #
# J. Eberhardt, D. Santos-Martins, A. F. Tillack, and S. Forli  #
# AutoDock Vina 1.2.0: New Docking Methods, Expanded Force      #
# Field, and Python Bindings, J. Chem. Inf. Model. (2021)       #
# DOI 10.1021/acs.jcim.1c00203                                  #
#                                                               #
# O. Trott, A. J. Olson,                                        #
# AutoDock Vina: improving the speed and accuracy of docking    #
# with a new scoring function, efficient optimization and       #
# multithreading, J. Comp. Chem. (2010)                         #
# DOI 10.1002/jcc.21334                                         #
#                                                               #
# Please see https://github.com/ccsb-scripps/AutoDock-Vina for  #
# more information.                                             #
#################################################################

Scoring function : vina
Rigid receptor: receptors/apo_8WL6.pdbqt
Ligand: papB.pdbqt
Grid center: X 126.46 Y 157.365 Z 149.119
Grid size  : X 33.1 Y 40 Z 38.4
Grid space : 0.375
Exhaustiveness: 64
CPU: 16
Verbosity: 1

Computing Vina grid ... done.
Performing docking (random seed: 1363332126) ... 
0%   10   20   30   40   50   60   70   80   90   100%
|----|----|----|----|----|----|----|----|----|----|
***************************************************

mode |   affinity | dist from best mode
     | (kcal/mol) | rmsd l.b.| rmsd u.b.
-----+------------+----------+----------
   1       -8.153          0          0
   2       -7.686      4.958       10.3
   3       -7.617      1.737      2.407
   4       -7.585      1.946      4.551
   5       -7.502      5.181      9.899
   6       -7.493       2.78      3.365
   7       -7.466      4.249      7.451
   8       -7.407       1.59      2.465
   9       -7.392      4.933      9.957
  10       -7.388      1.692      4.253
  11       -7.383      4.943      9.608
  12       -7.367      5.019      9.668
  13       -7.335      5.055      10.08
  14       -7.325       5.24      10.32
  15        -7.27      3.871      9.941
  16       -7.258      5.711      11.36
  17       -7.245      3.628      6.886
  18       -7.207      19.57      25.87
  19       -7.095      19.11      25.09
  20       -7.074      1.834       2.75
