AutoDock Vina f458505-mod
#################################################################
# If you used AutoDock Vina in your work, please cite:          #
#                                                               #
# J. Eberhardt, D. Santos-Martins, A. F. Tillack, and S. Forli  #
# AutoDock Vina 1.2.0: New Docking Methods, Expanded Force      #
# Field, and Python Bindings, J. Chem. Inf. Model. (2021)       #
# DOI 10.1021/acs.jcim.1c00203                                  #
#                                                               #
# O. Trott, A. J. Olson,                                        #
# AutoDock Vina: improving the speed and accuracy of docking    #
# with a new scoring function, efficient optimization and       #
# multithreading, J. Comp. Chem. (2010)                         #
# DOI 10.1002/jcc.21334                                         #
#                                                               #
# Please see https://github.com/ccsb-scripps/AutoDock-Vina for  #
# more information.                                             #
#################################################################

Scoring function : vina
Rigid receptor: receptors/caspo_T2.pdbqt
Ligand: papB.pdbqt
Grid center: X 154.644 Y 140.252 Z 125.101
Grid size  : X 28.9 Y 40 Z 40
Grid space : 0.375
Exhaustiveness: 64
CPU: 16
Verbosity: 1

Computing Vina grid ... done.
Performing docking (random seed: 1928501020) ... 
0%   10   20   30   40   50   60   70   80   90   100%
|----|----|----|----|----|----|----|----|----|----|
***************************************************

mode |   affinity | dist from best mode
     | (kcal/mol) | rmsd l.b.| rmsd u.b.
-----+------------+----------+----------
   1       -9.597          0          0
   2       -9.451      1.299      2.019
   3       -9.433      2.733      7.096
   4       -9.372      1.832       3.46
   5       -9.181      3.699      8.006
   6       -9.169      3.093      8.075
   7       -9.098      3.445      10.37
   8       -9.067      3.538       7.23
   9       -8.983      5.224      12.11
  10       -8.807      3.619      7.788
  11       -8.797      2.718      7.571
  12       -8.791      2.439      5.786
  13       -8.667      4.389       9.86
  14       -8.657      3.247      9.668
  15       -8.647      2.031      4.379
  16       -8.639      2.706      10.58
  17       -8.554      3.189      9.852
  18       -8.447      2.645      6.215
  19       -8.366      4.377      10.46
  20       -8.351      3.472      8.432
