[OK] CREST ready.
/home/duxiaonan/share/duxiaonan/apps/crest/crest
/home/duxiaonan/share/duxiaonan/apps/xtb/bin/xtb
/home/duxiaonan/share/duxiaonan/apps/xtb/bin/xtb
[18:52:05] xtb PAPU-0002/conf01.xyz  --gfn2 --alpb water
[18:52:05] xtb PAPU-0002/conf01.xyz  --gfn2 --alpb octanol
[18:52:06] xtb PAPU-0002/conf02.xyz  --gfn2 --alpb water
[18:52:06] xtb PAPU-0002/conf02.xyz  --gfn2 --alpb octanol
[18:52:06] xtb PAPU-0002/conf03.xyz  --gfn2 --alpb water
[18:52:06] xtb PAPU-0002/conf03.xyz  --gfn2 --alpb octanol
[18:52:07] xtb PAPU-0002/conf04.xyz  --gfn2 --alpb water
[18:52:07] xtb PAPU-0002/conf04.xyz  --gfn2 --alpb octanol
[18:52:07] xtb PAPU-0002/conf05.xyz  --gfn2 --alpb water
[18:52:08] xtb PAPU-0002/conf05.xyz  --gfn2 --alpb octanol
[18:52:08] xtb PAPU-0066/conf01.xyz  --gfn2 --alpb water
[18:52:08] xtb PAPU-0066/conf01.xyz  --gfn2 --alpb octanol
[18:52:08] xtb PAPU-0066/conf02.xyz  --gfn2 --alpb water
[18:52:09] xtb PAPU-0066/conf02.xyz  --gfn2 --alpb octanol
[18:52:09] xtb PAPU-0066/conf03.xyz  --gfn2 --alpb water
[18:52:09] xtb PAPU-0066/conf03.xyz  --gfn2 --alpb octanol
[18:52:10] xtb PAPU-0066/conf04.xyz  --gfn2 --alpb water
[18:52:10] xtb PAPU-0066/conf04.xyz  --gfn2 --alpb octanol
[18:52:10] xtb PAPU-0066/conf05.xyz  --gfn2 --alpb water
[18:52:11] xtb PAPU-0066/conf05.xyz  --gfn2 --alpb octanol
[18:52:11] xtb PAPU-0067/conf01.xyz  --gfn2 --alpb water
[18:52:11] xtb PAPU-0067/conf01.xyz  --gfn2 --alpb octanol
[18:52:12] xtb PAPU-0067/conf02.xyz  --gfn2 --alpb water
[18:52:12] xtb PAPU-0067/conf02.xyz  --gfn2 --alpb octanol
[18:52:12] xtb PAPU-0067/conf03.xyz  --gfn2 --alpb water
[18:52:12] xtb PAPU-0067/conf03.xyz  --gfn2 --alpb octanol
[18:52:13] xtb PAPU-0067/conf04.xyz  --gfn2 --alpb water
[18:52:13] xtb PAPU-0067/conf04.xyz  --gfn2 --alpb octanol
[18:52:13] xtb PAPU-0071/conf01.xyz  --gfn2 --alpb water
[18:52:13] xtb PAPU-0071/conf01.xyz  --gfn2 --alpb octanol
[18:52:14] xtb PAPU-0071/conf02.xyz  --gfn2 --alpb water
[18:52:14] xtb PAPU-0071/conf02.xyz  --gfn2 --alpb octanol
[18:52:14] xtb PAPU-0071/conf03.xyz  --gfn2 --alpb water
[18:52:15] xtb PAPU-0071/conf03.xyz  --gfn2 --alpb octanol
[18:52:15] xtb PAPU-0071/conf04.xyz  --gfn2 --alpb water
[18:52:15] xtb PAPU-0071/conf04.xyz  --gfn2 --alpb octanol
[18:52:16] xtb PAPU-0071/conf05.xyz  --gfn2 --alpb water
[18:52:16] xtb PAPU-0071/conf05.xyz  --gfn2 --alpb octanol
[18:52:16] xtb PAPU-0072/conf01.xyz  --gfn2 --alpb water
[18:52:16] xtb PAPU-0072/conf01.xyz  --gfn2 --alpb octanol
[18:52:17] xtb PAPU-0072/conf02.xyz  --gfn2 --alpb water
[18:52:17] xtb PAPU-0072/conf02.xyz  --gfn2 --alpb octanol
[18:52:17] xtb PAPU-0072/conf03.xyz  --gfn2 --alpb water
[18:52:18] xtb PAPU-0072/conf03.xyz  --gfn2 --alpb octanol
[18:52:18] xtb PAPU-0073/conf01.xyz  --gfn2 --alpb water
[18:52:18] xtb PAPU-0073/conf01.xyz  --gfn2 --alpb octanol
[18:52:18] xtb PAPU-0073/conf02.xyz  --gfn2 --alpb water
[18:52:19] xtb PAPU-0073/conf02.xyz  --gfn2 --alpb octanol
[18:52:19] xtb PAPU-0073/conf03.xyz  --gfn2 --alpb water
[18:52:19] xtb PAPU-0073/conf03.xyz  --gfn2 --alpb octanol
[18:52:20] xtb PAPU-0073/conf04.xyz  --gfn2 --alpb water
[18:52:20] xtb PAPU-0073/conf04.xyz  --gfn2 --alpb octanol
[18:52:20] xtb PAPU-0074/conf01.xyz  --gfn2 --alpb water
[18:52:21] xtb PAPU-0074/conf01.xyz  --gfn2 --alpb octanol
[18:52:21] xtb PAPU-0074/conf02.xyz  --gfn2 --alpb water
[18:52:21] xtb PAPU-0074/conf02.xyz  --gfn2 --alpb octanol
[18:52:22] xtb PAPU-0074/conf03.xyz  --gfn2 --alpb water
[18:52:22] xtb PAPU-0074/conf03.xyz  --gfn2 --alpb octanol
[18:52:22] xtb PAPU-0074/conf04.xyz  --gfn2 --alpb water
[18:52:23] xtb PAPU-0074/conf04.xyz  --gfn2 --alpb octanol
[18:52:23] xtb PAPU-0074/conf05.xyz  --gfn2 --alpb water
[18:52:23] xtb PAPU-0074/conf05.xyz  --gfn2 --alpb octanol
[18:52:23] xtb PAPU-0075/conf01.xyz  --gfn2 --alpb water
[18:52:24] xtb PAPU-0075/conf01.xyz  --gfn2 --alpb octanol
[18:52:24] xtb PAPU-0075/conf02.xyz  --gfn2 --alpb water
[18:52:24] xtb PAPU-0075/conf02.xyz  --gfn2 --alpb octanol
[18:52:25] xtb PAPU-0076/conf01.xyz  --gfn2 --alpb water
[18:52:25] xtb PAPU-0076/conf01.xyz  --gfn2 --alpb octanol
[18:52:25] xtb PAPU-0076/conf02.xyz  --gfn2 --alpb water
[18:52:26] xtb PAPU-0076/conf02.xyz  --gfn2 --alpb octanol
[18:52:26] xtb PAPU-0076/conf03.xyz  --gfn2 --alpb water
[18:52:26] xtb PAPU-0076/conf03.xyz  --gfn2 --alpb octanol
[18:52:27] xtb PAPU-0076/conf04.xyz  --gfn2 --alpb water
[18:52:27] xtb PAPU-0076/conf04.xyz  --gfn2 --alpb octanol
[18:52:27] xtb PAPU-0076/conf05.xyz  --gfn2 --alpb water
[18:52:28] xtb PAPU-0076/conf05.xyz  --gfn2 --alpb octanol
[18:52:28] xtb PAPU-0077/conf01.xyz  --gfn2 --alpb water
[18:52:28] xtb PAPU-0077/conf01.xyz  --gfn2 --alpb octanol
[18:52:28] xtb PAPU-0077/conf02.xyz  --gfn2 --alpb water
[18:52:29] xtb PAPU-0077/conf02.xyz  --gfn2 --alpb octanol
[18:52:29] xtb PAPU-0077/conf03.xyz  --gfn2 --alpb water
[18:52:29] xtb PAPU-0077/conf03.xyz  --gfn2 --alpb octanol
[18:52:30] xtb PAPU-0077/conf04.xyz  --gfn2 --alpb water
[18:52:30] xtb PAPU-0077/conf04.xyz  --gfn2 --alpb octanol
[18:52:30] xtb PAPU-0077/conf05.xyz  --gfn2 --alpb water
[18:52:31] xtb PAPU-0077/conf05.xyz  --gfn2 --alpb octanol
[18:52:31] xtb PAPU-0078/conf01.xyz  --gfn2 --alpb water
[18:52:31] xtb PAPU-0078/conf01.xyz  --gfn2 --alpb octanol
[18:52:32] xtb PAPU-0078/conf02.xyz  --gfn2 --alpb water
[18:52:32] xtb PAPU-0078/conf02.xyz  --gfn2 --alpb octanol
[18:52:32] xtb PAPU-0078/conf03.xyz  --gfn2 --alpb water
[18:52:33] xtb PAPU-0078/conf03.xyz  --gfn2 --alpb octanol
[18:52:33] xtb PAPU-0078/conf04.xyz  --gfn2 --alpb water
[18:52:33] xtb PAPU-0078/conf04.xyz  --gfn2 --alpb octanol
[18:52:34] xtb PAPU-0079/conf01.xyz  --gfn2 --alpb water
[18:52:34] xtb PAPU-0079/conf01.xyz  --gfn2 --alpb octanol
[18:52:34] xtb PAPU-0079/conf02.xyz  --gfn2 --alpb water
[18:52:35] xtb PAPU-0079/conf02.xyz  --gfn2 --alpb octanol
[18:52:35] xtb PAPU-0079/conf03.xyz  --gfn2 --alpb water
[18:52:35] xtb PAPU-0079/conf03.xyz  --gfn2 --alpb octanol
[18:52:36] xtb PAPU-0079/conf04.xyz  --gfn2 --alpb water
[18:52:36] xtb PAPU-0079/conf04.xyz  --gfn2 --alpb octanol
[18:52:36] xtb PAPU-0079/conf05.xyz  --gfn2 --alpb water
[18:52:37] xtb PAPU-0079/conf05.xyz  --gfn2 --alpb octanol
[18:52:37] xtb PAPU-0080/conf01.xyz  --gfn2 --alpb water
[18:52:37] xtb PAPU-0080/conf01.xyz  --gfn2 --alpb octanol
[18:52:38] xtb PAPU-0080/conf02.xyz  --gfn2 --alpb water
[18:52:38] xtb PAPU-0080/conf02.xyz  --gfn2 --alpb octanol
[18:52:38] xtb PAPU-0080/conf03.xyz  --gfn2 --alpb water
[18:52:39] xtb PAPU-0080/conf03.xyz  --gfn2 --alpb octanol
[18:52:39] xtb PAPU-0080/conf04.xyz  --gfn2 --alpb water
[18:52:39] xtb PAPU-0080/conf04.xyz  --gfn2 --alpb octanol
[18:52:40] xtb PAPU-0080/conf05.xyz  --gfn2 --alpb water
[18:52:40] xtb PAPU-0080/conf05.xyz  --gfn2 --alpb octanol
[18:52:40] xtb PAPU-0081/conf01.xyz  --gfn2 --alpb water
[18:52:41] xtb PAPU-0081/conf01.xyz  --gfn2 --alpb octanol
[18:52:41] xtb PAPU-0081/conf02.xyz  --gfn2 --alpb water
[18:52:41] xtb PAPU-0081/conf02.xyz  --gfn2 --alpb octanol
[18:52:42] xtb PAPU-0082/conf01.xyz  --gfn2 --alpb water
[18:52:42] xtb PAPU-0082/conf01.xyz  --gfn2 --alpb octanol
[18:52:43] xtb PAPU-0082/conf02.xyz  --gfn2 --alpb water
[18:52:43] xtb PAPU-0082/conf02.xyz  --gfn2 --alpb octanol
[18:52:43] xtb PAPU-0082/conf03.xyz  --gfn2 --alpb water
[18:52:44] xtb PAPU-0082/conf03.xyz  --gfn2 --alpb octanol
[18:52:44] xtb PAPU-0082/conf04.xyz  --gfn2 --alpb water
[18:52:44] xtb PAPU-0082/conf04.xyz  --gfn2 --alpb octanol
[18:52:45] xtb PAPU-0082/conf05.xyz  --gfn2 --alpb water
[18:52:45] xtb PAPU-0082/conf05.xyz  --gfn2 --alpb octanol
[18:52:45] xtb PAPU-0083/conf01.xyz  --gfn2 --alpb water
[18:52:46] xtb PAPU-0083/conf01.xyz  --gfn2 --alpb octanol
[18:52:46] xtb PAPU-0083/conf02.xyz  --gfn2 --alpb water
[18:52:46] xtb PAPU-0083/conf02.xyz  --gfn2 --alpb octanol
[18:52:47] xtb PAPU-0083/conf03.xyz  --gfn2 --alpb water
[18:52:47] xtb PAPU-0083/conf03.xyz  --gfn2 --alpb octanol
[18:52:47] xtb PAPU-0083/conf04.xyz  --gfn2 --alpb water
[18:52:48] xtb PAPU-0083/conf04.xyz  --gfn2 --alpb octanol
[18:52:48] xtb PAPU-0083/conf05.xyz  --gfn2 --alpb water
[18:52:48] xtb PAPU-0083/conf05.xyz  --gfn2 --alpb octanol
[18:52:49] xtb PAPU-0084/conf01.xyz  --gfn2 --alpb water
[18:52:49] xtb PAPU-0084/conf01.xyz  --gfn2 --alpb octanol
[18:52:49] xtb PAPU-0085/conf01.xyz  --gfn2 --alpb water
[18:52:50] xtb PAPU-0085/conf01.xyz  --gfn2 --alpb octanol
[18:52:50] xtb PAPU-0085/conf02.xyz  --gfn2 --alpb water
[18:52:51] xtb PAPU-0085/conf02.xyz  --gfn2 --alpb octanol
[18:52:51] xtb PAPU-0085/conf03.xyz  --gfn2 --alpb water
[18:52:51] xtb PAPU-0085/conf03.xyz  --gfn2 --alpb octanol
[18:52:52] xtb PAPU-0085/conf04.xyz  --gfn2 --alpb water
[18:52:52] xtb PAPU-0085/conf04.xyz  --gfn2 --alpb octanol
[18:52:52] xtb PAPU-0085/conf05.xyz  --gfn2 --alpb water
[18:52:53] xtb PAPU-0085/conf05.xyz  --gfn2 --alpb octanol
[18:52:53] xtb PAPU-0086/conf01.xyz  --gfn2 --alpb water
[18:52:53] xtb PAPU-0086/conf01.xyz  --gfn2 --alpb octanol
[18:52:54] xtb PAPU-0086/conf02.xyz  --gfn2 --alpb water
[18:52:54] xtb PAPU-0086/conf02.xyz  --gfn2 --alpb octanol
[18:52:55] xtb PAPU-0086/conf03.xyz  --gfn2 --alpb water
[18:52:55] xtb PAPU-0086/conf03.xyz  --gfn2 --alpb octanol
[18:52:55] xtb PAPU-0086/conf04.xyz  --gfn2 --alpb water
[18:52:56] xtb PAPU-0086/conf04.xyz  --gfn2 --alpb octanol
[18:52:56] xtb PAPU-0086/conf05.xyz  --gfn2 --alpb water
[18:52:56] xtb PAPU-0086/conf05.xyz  --gfn2 --alpb octanol
[18:52:57] xtb PAPU-0087/conf01.xyz  --gfn2 --alpb water
[18:52:57] xtb PAPU-0087/conf01.xyz  --gfn2 --alpb octanol
[18:52:58] xtb PAPU-0087/conf02.xyz  --gfn2 --alpb water
[18:52:58] xtb PAPU-0087/conf02.xyz  --gfn2 --alpb octanol
[18:52:58] xtb PAPU-0088/conf01.xyz  --gfn2 --alpb water
[18:52:59] xtb PAPU-0088/conf01.xyz  --gfn2 --alpb octanol
[18:52:59] xtb PAPU-0088/conf02.xyz  --gfn2 --alpb water
[18:52:59] xtb PAPU-0088/conf02.xyz  --gfn2 --alpb octanol
[18:53:00] xtb PAPU-0088/conf03.xyz  --gfn2 --alpb water
[18:53:00] xtb PAPU-0088/conf03.xyz  --gfn2 --alpb octanol
[18:53:01] xtb PAPU-0088/conf04.xyz  --gfn2 --alpb water
[18:53:01] xtb PAPU-0088/conf04.xyz  --gfn2 --alpb octanol
[18:53:01] xtb PAPU-0088/conf05.xyz  --gfn2 --alpb water
[18:53:02] xtb PAPU-0088/conf05.xyz  --gfn2 --alpb octanol
[18:53:02] xtb PAPU-0089/conf01.xyz  --gfn2 --alpb water
[18:53:02] xtb PAPU-0089/conf01.xyz  --gfn2 --alpb octanol
[18:53:03] xtb PAPU-0089/conf02.xyz  --gfn2 --alpb water
[18:53:03] xtb PAPU-0089/conf02.xyz  --gfn2 --alpb octanol
[18:53:03] xtb PAPU-0089/conf03.xyz  --gfn2 --alpb water
[18:53:04] xtb PAPU-0089/conf03.xyz  --gfn2 --alpb octanol
[18:53:04] xtb PAPU-0089/conf04.xyz  --gfn2 --alpb water
[18:53:04] xtb PAPU-0089/conf04.xyz  --gfn2 --alpb octanol
[18:53:05] xtb PAPU-0089/conf05.xyz  --gfn2 --alpb water
[18:53:05] xtb PAPU-0089/conf05.xyz  --gfn2 --alpb octanol
[18:53:05] xtb PAPU-0090/conf01.xyz  --gfn2 --alpb water
[18:53:06] xtb PAPU-0090/conf01.xyz  --gfn2 --alpb octanol
[18:53:06] xtb PAPU-0090/conf02.xyz  --gfn2 --alpb water
[18:53:07] xtb PAPU-0090/conf02.xyz  --gfn2 --alpb octanol
[18:53:07] xtb PAPU-0090/conf03.xyz  --gfn2 --alpb water
[18:53:07] xtb PAPU-0090/conf03.xyz  --gfn2 --alpb octanol
[18:53:08] xtb PAPU-0090/conf04.xyz  --gfn2 --alpb water
[18:53:08] xtb PAPU-0090/conf04.xyz  --gfn2 --alpb octanol
[18:53:08] xtb PAPU-0090/conf05.xyz  --gfn2 --alpb water
[18:53:09] xtb PAPU-0090/conf05.xyz  --gfn2 --alpb octanol
[18:53:09] xtb PAPU-0091/conf01.xyz  --gfn2 --alpb water
[18:53:09] xtb PAPU-0091/conf01.xyz  --gfn2 --alpb octanol
[18:53:10] xtb PAPU-0091/conf02.xyz  --gfn2 --alpb water
[18:53:10] xtb PAPU-0091/conf02.xyz  --gfn2 --alpb octanol
[18:53:10] xtb PAPU-0091/conf03.xyz  --gfn2 --alpb water
[18:53:11] xtb PAPU-0091/conf03.xyz  --gfn2 --alpb octanol
[18:53:11] xtb PAPU-0091/conf04.xyz  --gfn2 --alpb water
[18:53:11] xtb PAPU-0091/conf04.xyz  --gfn2 --alpb octanol
[18:53:12] xtb PAPU-0091/conf05.xyz  --gfn2 --alpb water
[18:53:12] xtb PAPU-0091/conf05.xyz  --gfn2 --alpb octanol
[Fri Jun 19 18:53:12 CST 2026] Phase 9 xtb electronic single points done.
