==============================
*** Open Babel Warning  in Init
  Cannot initialize database 'space-groups.txt' which may cause further errors.
              _             
             (_)            
   __ _ _ __  _ _ __   __ _ 
  / _` | '_ \| | '_ \ / _` |
 | (_| | | | | | | | | (_| |
  \__, |_| |_|_|_| |_|\__,_|
   __/ |                    
  |___/                     

gnina v1.1 master:e4cb380+   Built Dec 18 2023.
gnina is based on smina and AutoDock Vina.
Please cite appropriately.

WARNING: No GPU detected. CNN scoring will be slow.
Recommend running with single model (--cnn crossdock_default2018)
or without cnn scoring (--cnn_scoring=none).

Commandline: /home/share/zhangz/Apps/gnina-1.1/gnina -r /home/share/zhangz/Jobs/mode_A_boltz_gnina_20260713/receptors/9WZU_apo_H.pdb -l /home/share/zhangz/Jobs/mode_A_boltz_gnina_20260713/cofold_poses/9WZU_apo__boltz_sample_3_predicted_structure.sdf --device 0 --minimize --cnn_scoring rescore -o /home/share/zhangz/Jobs/mode_A_boltz_gnina_20260713/out_gnina/9WZU_apo__boltz_sample_3_predicted_structure_min.sdf
Affinity: -6.68902  -4.18089 (kcal/mol)
RMSD: 3.14961
CNNscore: 0.24503 
CNNaffinity: 6.40357
CNNvariance: 0.05346
