              _             
             (_)            
   __ _ _ __  _ _ __   __ _ 
  / _` | '_ \| | '_ \ / _` |
 | (_| | | | | | | | | (_| |
  \__, |_| |_|_|_| |_|\__,_|
   __/ |                    
  |___/                     

gnina v1.3.3 master:6fe1ce2   Built Jun 30 2026.
gnina is based on smina and AutoDock Vina.
Please cite appropriately.

Commandline: gnina -r receptors/9WZU_apo_H.pdb -l papB.sdf --center_x 198.224 --center_y 203.560 --center_z 210.755 --size_x 29.1 --size_y 40.0 --size_z 39.9 --exhaustiveness 64 --num_modes 20 --cnn_scoring rescore -o out_gnina/9WZU_apo_denovo.sdf
Using random seed: -1756675274

0%   10   20   30   40   50   60   70   80   90   100%
|----|----|----|----|----|----|----|----|----|----|
***************************************************
papB | pose 0 | initial pose not within box

mode |  affinity  |  intramol  |    CNN     |   CNN
     | (kcal/mol) | (kcal/mol) | pose score | affinity
-----+------------+------------+------------+----------
    1       -7.95       -0.48       0.5088      6.841
    2       -7.99       -2.94       0.4537      6.513
    3       -7.78       -3.42       0.4197      7.505
    4       -7.73       -2.92       0.3910      6.295
    5       -8.43       -2.97       0.3264      5.975
    6       -8.30       -3.57       0.3183      6.161
    7       -7.61       -3.02       0.3045      6.509
    8       -7.93       -2.09       0.2869      6.695
    9       -7.95       -2.51       0.2709      6.635
   10       -8.27       -2.05       0.2531      6.133
   11       -7.89       -4.52       0.2360      5.913
   12       -8.24       -4.64       0.2309      6.912
   13       -8.76       -1.99       0.2174      6.223
   14       -7.81       -4.37       0.2146      6.227
   15       -8.37       -2.64       0.2122      5.418
   16       -7.72       -3.21       0.2073      5.783
   17       -7.63       -2.53       0.2047      6.081
   18       -7.85       -3.23       0.2039      6.490
   19       -7.98       -3.05       0.1998      5.484
   20       -8.03       -3.22       0.1841      6.202
