              _             
             (_)            
   __ _ _ __  _ _ __   __ _ 
  / _` | '_ \| | '_ \ / _` |
 | (_| | | | | | | | | (_| |
  \__, |_| |_|_|_| |_|\__,_|
   __/ |                    
  |___/                     

gnina v1.3.3 master:6fe1ce2   Built Jun 30 2026.
gnina is based on smina and AutoDock Vina.
Please cite appropriately.

Commandline: gnina -r receptors/apo_8WL6_H.pdb -l papB.sdf --center_x 126.460 --center_y 157.365 --center_z 149.119 --size_x 33.1 --size_y 40.0 --size_z 38.4 --exhaustiveness 64 --num_modes 20 --cnn_scoring rescore -o out_gnina/apo_8WL6_denovo.sdf
Using random seed: 1792975958

0%   10   20   30   40   50   60   70   80   90   100%
|----|----|----|----|----|----|----|----|----|----|
***************************************************
papB | pose 0 | initial pose not within box

mode |  affinity  |  intramol  |    CNN     |   CNN
     | (kcal/mol) | (kcal/mol) | pose score | affinity
-----+------------+------------+------------+----------
    1       -7.72       -2.72       0.2422      5.702
    2       -8.20       -2.25       0.1966      4.854
    3       -8.15       -3.52       0.1799      5.393
    4       -8.22       -3.86       0.1574      5.034
    5       -7.91       -2.04       0.1568      5.564
    6       -7.96       -3.70       0.1481      5.401
    7       -8.00       -4.57       0.1439      5.010
    8       -7.94       -3.68       0.1428      5.356
    9       -8.23       -0.28       0.1362      5.023
   10       -8.14       -3.45       0.1351      4.968
   11       -8.36       -2.22       0.1343      5.669
   12       -8.59       -3.65       0.1240      5.484
   13       -8.48       -2.18       0.1215      5.564
   14       -7.95       -2.68       0.1194      5.309
   15       -8.05       -3.70       0.1189      4.845
   16       -7.88       -2.41       0.1153      4.621
   17       -8.64       -3.46       0.1135      4.918
   18       -8.12       -4.18       0.1112      5.133
   19       -8.00       -3.17       0.1111      5.568
   20       -8.56       -3.50       0.1107      5.218
