              _             
             (_)            
   __ _ _ __  _ _ __   __ _ 
  / _` | '_ \| | '_ \ / _` |
 | (_| | | | | | | | | (_| |
  \__, |_| |_|_|_| |_|\__,_|
   __/ |                    
  |___/                     

gnina v1.3.3 master:6fe1ce2   Built Jun 30 2026.
gnina is based on smina and AutoDock Vina.
Please cite appropriately.

Commandline: gnina -r receptors/caspo_T2_H.pdb -l papB.sdf --center_x 154.644 --center_y 140.252 --center_z 125.101 --size_x 28.9 --size_y 40.0 --size_z 40.0 --exhaustiveness 64 --num_modes 20 --cnn_scoring rescore -o out_gnina/caspo_T2_denovo.sdf
Using random seed: -1771440381

0%   10   20   30   40   50   60   70   80   90   100%
|----|----|----|----|----|----|----|----|----|----|
***************************************************
papB | pose 0 | initial pose not within box
papB | pose 0 | ligand outside box
papB | pose 0 | ligand outside box

mode |  affinity  |  intramol  |    CNN     |   CNN
     | (kcal/mol) | (kcal/mol) | pose score | affinity
-----+------------+------------+------------+----------
    1      -11.29       -2.24       0.6073      7.184
    2      -11.34       -1.00       0.5386      7.387
    3      -11.42       -1.59       0.4518      7.004
    4      -11.20       -2.89       0.4428      6.629
    5      -10.91       -2.65       0.3739      6.959
    6      -11.44       -0.81       0.3050      6.500
    7      -11.65       -2.67       0.2033      6.496
    8      -10.91       -3.12       0.1913      6.306
    9      -11.01       -1.12       0.1617      6.044
   10      -10.84       -2.54       0.1600      6.141
   11      -11.05       -2.76       0.1598      6.271
   12      -10.81       -4.11       0.1569      6.352
   13      -10.74       -2.91       0.1472      6.478
   14      -11.15       -2.63       0.1442      6.159
   15      -11.27       -1.49       0.1440      6.237
   16      -10.83       -2.99       0.1406      6.173
   17      -11.15       -3.96       0.1374      6.580
   18      -10.84       -2.98       0.1332      6.254
   19      -11.11       -4.27       0.1324      6.857
   20      -11.34       -1.37       0.1296      5.261
